Using pre-set license
Built from '2020.3/staging' branch; Version is '2020.3.5f1 (8095aa901b9b) revision 8426922'; Using compiler version '192528614'; Build Type 'Release'
OS: 'Windows 10 Enterprise; OS build 19042.985; Version 2009; 64bit' Language: 'ko' Physical Memory: 16229 MB
BatchMode: 1, IsHumanControllingUs: 0, StartBugReporterOnCrash: 0, Is64bit: 1, IsPro: 0

 COMMAND LINE ARGUMENTS:
C:\Program Files\2020.3.5f1\Editor\Unity.exe
-adb2
-batchMode
-noUpm
-name
AssetImportWorker0
-projectPath
C:/Users/user/Documents/GitHub/Unity_Rhythm_In/Rhythm_In
-logFile
Logs/AssetImportWorker0.log
-srvPort
9558
Successfully changed project path to: C:/Users/user/Documents/GitHub/Unity_Rhythm_In/Rhythm_In
C:/Users/user/Documents/GitHub/Unity_Rhythm_In/Rhythm_In
Using Asset Import Pipeline V2.
Refreshing native plugins compatible for Editor in 36.06 ms, found 1 plugins.
Preloading 0 native plugins for Editor in 0.00 ms.
Initialize engine version: 2020.3.5f1 (8095aa901b9b)
[Subsystems] Discovering subsystems at path C:/Program Files/2020.3.5f1/Editor/Data/Resources/UnitySubsystems
[Subsystems] Discovering subsystems at path C:/Users/user/Documents/GitHub/Unity_Rhythm_In/Rhythm_In/Assets
GfxDevice: creating device client; threaded=0
Direct3D:
    Version:  Direct3D 11.0 [level 11.1]
    Renderer: NVIDIA GeForce GTX 1660 Ti (ID=0x2191)
    Vendor:   
    VRAM:     5991 MB
    Driver:   27.21.14.5167
Initialize mono
Mono path[0] = 'C:/Program Files/2020.3.5f1/Editor/Data/Managed'
Mono path[1] = 'C:/Program Files/2020.3.5f1/Editor/Data/MonoBleedingEdge/lib/mono/unityjit'
Mono config path = 'C:/Program Files/2020.3.5f1/Editor/Data/MonoBleedingEdge/etc'
Using monoOptions --debugger-agent=transport=dt_socket,embedding=1,server=y,suspend=n,address=127.0.0.1:56476
Begin MonoManager ReloadAssembly
Registering precompiled unity dll's ...
Register platform support module: C:/Program Files/2020.3.5f1/Editor/Data/PlaybackEngines/WindowsStandaloneSupport/UnityEditor.WindowsStandalone.Extensions.dll
Registered in 0.002129 seconds.
Native extension for WindowsStandalone target not found
Refreshing native plugins compatible for Editor in 33.92 ms, found 1 plugins.
Preloading 0 native plugins for Editor in 0.00 ms.
Mono: successfully reloaded assembly
- Completed reload, in  1.983 seconds
Platform modules already initialized, skipping
Registering precompiled user dll's ...
Registered in 0.002062 seconds.
Begin MonoManager ReloadAssembly
Native extension for WindowsStandalone target not found
Refreshing native plugins compatible for Editor in 34.86 ms, found 1 plugins.
Preloading 0 native plugins for Editor in 0.00 ms.
Mono: successfully reloaded assembly
- Completed reload, in  0.885 seconds
Platform modules already initialized, skipping
========================================================================
Worker process is ready to serve import requests
Launched and connected shader compiler UnityShaderCompiler.exe after 0.05 seconds
Refreshing native plugins compatible for Editor in 0.36 ms, found 1 plugins.
Preloading 0 native plugins for Editor in 0.00 ms.
Unloading 1855 Unused Serialized files (Serialized files now loaded: 0)
System memory in use before: 159.5 MB.
System memory in use after: 159.6 MB.

Unloading 21 unused Assets to reduce memory usage. Loaded Objects now: 2310.
Total: 6.902500 ms (FindLiveObjects: 0.507900 ms CreateObjectMapping: 0.258400 ms MarkObjects: 5.921500 ms  DeleteObjects: 0.211400 ms)

========================================================================
Received Import Request.
  path: Assets/Graphics
  artifactKey: Guid(024306b6325c16a4d80c37b10ccb4c69) Importer(815301076,1909f56bfc062723c751e8b465ee728b)
Start importing Assets/Graphics using Guid(024306b6325c16a4d80c37b10ccb4c69) Importer(815301076,1909f56bfc062723c751e8b465ee728b)  -> (artifact id: '7d3b9ac4e4dc24d45a92815a4988ab14') in 0.026363 seconds
  Import took 0.033405 seconds .

========================================================================
Received Import Request.
  Time since last request: 9.912699 seconds.
  path: Assets/Graphics/j1.png
  artifactKey: Guid(af8ebed78ddd9b848aed593fbb9c3b91) Importer(815301076,1909f56bfc062723c751e8b465ee728b)
Start importing Assets/Graphics/j1.png using Guid(af8ebed78ddd9b848aed593fbb9c3b91) Importer(815301076,1909f56bfc062723c751e8b465ee728b)  -> (artifact id: '827f1c43a197ece84d702c68875e4f59') in 0.153644 seconds
  Import took 0.156850 seconds .

========================================================================
Received Import Request.
  Time since last request: 0.073571 seconds.
  path: Assets/Graphics/j2.png
  artifactKey: Guid(722c562b6b0361d48aa39ea689e4c029) Importer(815301076,1909f56bfc062723c751e8b465ee728b)
Start importing Assets/Graphics/j2.png using Guid(722c562b6b0361d48aa39ea689e4c029) Importer(815301076,1909f56bfc062723c751e8b465ee728b)  -> (artifact id: '2a5d33ad23fc4edd0ea2571f2789625d') in 0.021978 seconds
  Import took 0.024742 seconds .

========================================================================
Received Import Request.
  Time since last request: 0.401553 seconds.
  path: Assets/Graphics/j3.png
  artifactKey: Guid(f817ad1aab37ea24ab872e4aa6a343a7) Importer(815301076,1909f56bfc062723c751e8b465ee728b)
Start importing Assets/Graphics/j3.png using Guid(f817ad1aab37ea24ab872e4aa6a343a7) Importer(815301076,1909f56bfc062723c751e8b465ee728b)  -> (artifact id: '41d504ec87003cb78b2f42b4a929b7fc') in 0.021558 seconds
  Import took 0.024348 seconds .

========================================================================
Received Prepare
Registering precompiled user dll's ...
Registered in 0.002015 seconds.
Begin MonoManager ReloadAssembly
Native extension for WindowsStandalone target not found
Refreshing native plugins compatible for Editor in 0.59 ms, found 1 plugins.
Preloading 0 native plugins for Editor in 0.00 ms.
Mono: successfully reloaded assembly
- Completed reload, in  0.819 seconds
Platform modules already initialized, skipping
Refreshing native plugins compatible for Editor in 0.36 ms, found 1 plugins.
Preloading 0 native plugins for Editor in 0.00 ms.
Unloading 1832 Unused Serialized files (Serialized files now loaded: 0)
System memory in use before: 160.8 MB.
System memory in use after: 160.9 MB.

Unloading 9 unused Assets to reduce memory usage. Loaded Objects now: 2324.
Total: 2.027900 ms (FindLiveObjects: 0.154200 ms CreateObjectMapping: 0.056400 ms MarkObjects: 1.798000 ms  DeleteObjects: 0.018600 ms)

========================================================================
Received Import Request.
  Time since last request: 290.466487 seconds.
  path: Assets/Graphics/j4.png
  artifactKey: Guid(47623930610cfd9478082d8dd598f948) Importer(815301076,1909f56bfc062723c751e8b465ee728b)
Start importing Assets/Graphics/j4.png using Guid(47623930610cfd9478082d8dd598f948) Importer(815301076,1909f56bfc062723c751e8b465ee728b)  -> (artifact id: 'de504ea24d9cf39c1725c923ba8a7416') in 0.056202 seconds
  Import took 0.059243 seconds .

========================================================================
Received Prepare
Registering precompiled user dll's ...
Registered in 0.002096 seconds.
Begin MonoManager ReloadAssembly
Native extension for WindowsStandalone target not found
Refreshing native plugins compatible for Editor in 0.36 ms, found 1 plugins.
Preloading 0 native plugins for Editor in 0.00 ms.
Mono: successfully reloaded assembly
- Completed reload, in  0.806 seconds
Platform modules already initialized, skipping
Refreshing native plugins compatible for Editor in 0.39 ms, found 1 plugins.
Preloading 0 native plugins for Editor in 0.00 ms.
Unloading 1832 Unused Serialized files (Serialized files now loaded: 0)
System memory in use before: 160.8 MB.
System memory in use after: 160.9 MB.

Unloading 9 unused Assets to reduce memory usage. Loaded Objects now: 2331.
Total: 2.130800 ms (FindLiveObjects: 0.332800 ms CreateObjectMapping: 0.112100 ms MarkObjects: 1.662300 ms  DeleteObjects: 0.021500 ms)

========================================================================
Received Import Request.
  Time since last request: 12.916400 seconds.
  path: Assets/Graphics/BG_Event01
  artifactKey: Guid(be205be44738f97479b3ecb3e827468d) Importer(815301076,1909f56bfc062723c751e8b465ee728b)
Start importing Assets/Graphics/BG_Event01 using Guid(be205be44738f97479b3ecb3e827468d) Importer(815301076,1909f56bfc062723c751e8b465ee728b)  -> (artifact id: 'e51a16ec52e98e7c70984ddcb6368931') in 0.017719 seconds
  Import took 0.020541 seconds .

========================================================================
Received Import Request.
  Time since last request: 442.676766 seconds.
  path: Assets/New Material.mat
  artifactKey: Guid(14408f3b1487ad546bd6ee47f5120000) Importer(815301076,1909f56bfc062723c751e8b465ee728b)
Start importing Assets/New Material.mat using Guid(14408f3b1487ad546bd6ee47f5120000) Importer(815301076,1909f56bfc062723c751e8b465ee728b)  -> (artifact id: 'c2f9e63fa93371bb973d661248a1de76') in 0.107491 seconds
  Import took 0.111118 seconds .

========================================================================
Received Prepare
Registering precompiled user dll's ...
Registered in 0.001968 seconds.
Begin MonoManager ReloadAssembly
Native extension for WindowsStandalone target not found
Refreshing native plugins compatible for Editor in 0.36 ms, found 1 plugins.
Preloading 0 native plugins for Editor in 0.00 ms.
Mono: successfully reloaded assembly
- Completed reload, in  0.800 seconds
Platform modules already initialized, skipping
Refreshing native plugins compatible for Editor in 0.39 ms, found 1 plugins.
Preloading 0 native plugins for Editor in 0.00 ms.
Unloading 1832 Unused Serialized files (Serialized files now loaded: 0)
System memory in use before: 161.1 MB.
System memory in use after: 161.2 MB.

Unloading 9 unused Assets to reduce memory usage. Loaded Objects now: 2373.
Total: 1.957500 ms (FindLiveObjects: 0.194400 ms CreateObjectMapping: 0.060200 ms MarkObjects: 1.688500 ms  DeleteObjects: 0.013600 ms)

========================================================================
Received Prepare
Registering precompiled user dll's ...
Registered in 0.002079 seconds.
Begin MonoManager ReloadAssembly
Native extension for WindowsStandalone target not found
Refreshing native plugins compatible for Editor in 0.36 ms, found 1 plugins.
Preloading 0 native plugins for Editor in 0.00 ms.
Mono: successfully reloaded assembly
- Completed reload, in  0.821 seconds
Platform modules already initialized, skipping
Refreshing native plugins compatible for Editor in 0.36 ms, found 1 plugins.
Preloading 0 native plugins for Editor in 0.00 ms.
Unloading 1832 Unused Serialized files (Serialized files now loaded: 0)
System memory in use before: 161.1 MB.
System memory in use after: 161.2 MB.

Unloading 9 unused Assets to reduce memory usage. Loaded Objects now: 2377.
Total: 2.197100 ms (FindLiveObjects: 0.230000 ms CreateObjectMapping: 0.079500 ms MarkObjects: 1.872000 ms  DeleteObjects: 0.014100 ms)

========================================================================
Received Prepare
Registering precompiled user dll's ...
Registered in 0.002019 seconds.
Begin MonoManager ReloadAssembly
Native extension for WindowsStandalone target not found
Refreshing native plugins compatible for Editor in 0.36 ms, found 1 plugins.
Preloading 0 native plugins for Editor in 0.00 ms.
Mono: successfully reloaded assembly
- Completed reload, in  0.825 seconds
Platform modules already initialized, skipping
Refreshing native plugins compatible for Editor in 0.40 ms, found 1 plugins.
Preloading 0 native plugins for Editor in 0.00 ms.
Unloading 1832 Unused Serialized files (Serialized files now loaded: 0)
System memory in use before: 161.1 MB.
System memory in use after: 161.2 MB.

Unloading 9 unused Assets to reduce memory usage. Loaded Objects now: 2381.
Total: 2.157500 ms (FindLiveObjects: 0.232700 ms CreateObjectMapping: 0.059100 ms MarkObjects: 1.851900 ms  DeleteObjects: 0.013100 ms)

========================================================================
Received Prepare
Registering precompiled user dll's ...
Registered in 0.002083 seconds.
Begin MonoManager ReloadAssembly
Native extension for WindowsStandalone target not found
Refreshing native plugins compatible for Editor in 0.36 ms, found 1 plugins.
Preloading 0 native plugins for Editor in 0.00 ms.
Mono: successfully reloaded assembly
- Completed reload, in  0.828 seconds
Platform modules already initialized, skipping
Refreshing native plugins compatible for Editor in 0.36 ms, found 1 plugins.
Preloading 0 native plugins for Editor in 0.00 ms.
Unloading 1832 Unused Serialized files (Serialized files now loaded: 0)
System memory in use before: 161.1 MB.
System memory in use after: 161.2 MB.

Unloading 9 unused Assets to reduce memory usage. Loaded Objects now: 2385.
Total: 2.187300 ms (FindLiveObjects: 0.225200 ms CreateObjectMapping: 0.080300 ms MarkObjects: 1.865700 ms  DeleteObjects: 0.015100 ms)

========================================================================
Received Prepare
Registering precompiled user dll's ...
Registered in 0.002130 seconds.
Begin MonoManager ReloadAssembly
Native extension for WindowsStandalone target not found
Refreshing native plugins compatible for Editor in 0.43 ms, found 1 plugins.
Preloading 0 native plugins for Editor in 0.00 ms.
Mono: successfully reloaded assembly
- Completed reload, in  0.821 seconds
Platform modules already initialized, skipping
Refreshing native plugins compatible for Editor in 0.37 ms, found 1 plugins.
Preloading 0 native plugins for Editor in 0.00 ms.
Unloading 1832 Unused Serialized files (Serialized files now loaded: 0)
System memory in use before: 161.1 MB.
System memory in use after: 161.2 MB.

Unloading 9 unused Assets to reduce memory usage. Loaded Objects now: 2389.
Total: 2.218700 ms (FindLiveObjects: 0.311600 ms CreateObjectMapping: 0.117000 ms MarkObjects: 1.770900 ms  DeleteObjects: 0.017500 ms)

========================================================================
Received Prepare
Registering precompiled user dll's ...
Registered in 0.002089 seconds.
Begin MonoManager ReloadAssembly
Native extension for WindowsStandalone target not found
Refreshing native plugins compatible for Editor in 0.36 ms, found 1 plugins.
Preloading 0 native plugins for Editor in 0.00 ms.
Mono: successfully reloaded assembly
- Completed reload, in  0.817 seconds
Platform modules already initialized, skipping
Refreshing native plugins compatible for Editor in 0.38 ms, found 1 plugins.
Preloading 0 native plugins for Editor in 0.00 ms.
Unloading 1832 Unused Serialized files (Serialized files now loaded: 0)
System memory in use before: 161.1 MB.
System memory in use after: 161.2 MB.

Unloading 9 unused Assets to reduce memory usage. Loaded Objects now: 2393.
Total: 2.219600 ms (FindLiveObjects: 0.385800 ms CreateObjectMapping: 0.152700 ms MarkObjects: 1.661700 ms  DeleteObjects: 0.018100 ms)

========================================================================
Received Prepare
Registering precompiled user dll's ...
Registered in 0.002010 seconds.
Begin MonoManager ReloadAssembly
Native extension for WindowsStandalone target not found
Refreshing native plugins compatible for Editor in 0.36 ms, found 1 plugins.
Preloading 0 native plugins for Editor in 0.00 ms.
Mono: successfully reloaded assembly
- Completed reload, in  0.826 seconds
Platform modules already initialized, skipping
Refreshing native plugins compatible for Editor in 0.40 ms, found 1 plugins.
Preloading 0 native plugins for Editor in 0.00 ms.
Unloading 1832 Unused Serialized files (Serialized files now loaded: 0)
System memory in use before: 161.1 MB.
System memory in use after: 161.2 MB.

Unloading 9 unused Assets to reduce memory usage. Loaded Objects now: 2397.
Total: 2.236900 ms (FindLiveObjects: 0.238300 ms CreateObjectMapping: 0.085800 ms MarkObjects: 1.898400 ms  DeleteObjects: 0.013400 ms)

========================================================================
Received Prepare
Registering precompiled user dll's ...
Registered in 0.002598 seconds.
Begin MonoManager ReloadAssembly
Native extension for WindowsStandalone target not found
Refreshing native plugins compatible for Editor in 0.37 ms, found 1 plugins.
Preloading 0 native plugins for Editor in 0.00 ms.
Mono: successfully reloaded assembly
- Completed reload, in  0.809 seconds
Platform modules already initialized, skipping
Refreshing native plugins compatible for Editor in 0.37 ms, found 1 plugins.
Preloading 0 native plugins for Editor in 0.00 ms.
Unloading 1832 Unused Serialized files (Serialized files now loaded: 0)
System memory in use before: 161.1 MB.
System memory in use after: 161.2 MB.

Unloading 9 unused Assets to reduce memory usage. Loaded Objects now: 2401.
Total: 2.192800 ms (FindLiveObjects: 0.263700 ms CreateObjectMapping: 0.082700 ms MarkObjects: 1.827200 ms  DeleteObjects: 0.018000 ms)

========================================================================
Received Prepare
Registering precompiled user dll's ...
Registered in 0.002040 seconds.
Begin MonoManager ReloadAssembly
Native extension for WindowsStandalone target not found
Refreshing native plugins compatible for Editor in 0.36 ms, found 1 plugins.
Preloading 0 native plugins for Editor in 0.00 ms.
Mono: successfully reloaded assembly
- Completed reload, in  0.823 seconds
Platform modules already initialized, skipping
Refreshing native plugins compatible for Editor in 0.36 ms, found 1 plugins.
Preloading 0 native plugins for Editor in 0.00 ms.
Unloading 1832 Unused Serialized files (Serialized files now loaded: 0)
System memory in use before: 161.1 MB.
System memory in use after: 161.3 MB.

Unloading 9 unused Assets to reduce memory usage. Loaded Objects now: 2405.
Total: 2.006800 ms (FindLiveObjects: 0.283300 ms CreateObjectMapping: 0.077000 ms MarkObjects: 1.627500 ms  DeleteObjects: 0.017900 ms)

========================================================================
Received Prepare
Registering precompiled user dll's ...
Registered in 0.002046 seconds.
Begin MonoManager ReloadAssembly
Native extension for WindowsStandalone target not found
Refreshing native plugins compatible for Editor in 0.37 ms, found 1 plugins.
Preloading 0 native plugins for Editor in 0.00 ms.
Mono: successfully reloaded assembly
- Completed reload, in  0.787 seconds
Platform modules already initialized, skipping
Refreshing native plugins compatible for Editor in 0.39 ms, found 1 plugins.
Preloading 0 native plugins for Editor in 0.00 ms.
Unloading 1832 Unused Serialized files (Serialized files now loaded: 0)
System memory in use before: 161.1 MB.
System memory in use after: 161.3 MB.

Unloading 9 unused Assets to reduce memory usage. Loaded Objects now: 2409.
Total: 2.300600 ms (FindLiveObjects: 0.377700 ms CreateObjectMapping: 0.064300 ms MarkObjects: 1.844600 ms  DeleteObjects: 0.013300 ms)

========================================================================
Received Prepare
Registering precompiled user dll's ...
Registered in 0.002072 seconds.
Begin MonoManager ReloadAssembly
Native extension for WindowsStandalone target not found
Refreshing native plugins compatible for Editor in 0.36 ms, found 1 plugins.
Preloading 0 native plugins for Editor in 0.00 ms.
Mono: successfully reloaded assembly
- Completed reload, in  0.797 seconds
Platform modules already initialized, skipping
Refreshing native plugins compatible for Editor in 0.44 ms, found 1 plugins.
Preloading 0 native plugins for Editor in 0.00 ms.
Unloading 1832 Unused Serialized files (Serialized files now loaded: 0)
System memory in use before: 161.2 MB.
System memory in use after: 161.3 MB.

Unloading 9 unused Assets to reduce memory usage. Loaded Objects now: 2413.
Total: 1.960500 ms (FindLiveObjects: 0.164800 ms CreateObjectMapping: 0.058100 ms MarkObjects: 1.720700 ms  DeleteObjects: 0.015700 ms)

========================================================================
Received Import Request.
  Time since last request: 436.824048 seconds.
  path: Assets/Scripts/BGMove_Event.cs
  artifactKey: Guid(c7fd583c2e4af7649bbbcfe4041475b1) Importer(815301076,1909f56bfc062723c751e8b465ee728b)
Start importing Assets/Scripts/BGMove_Event.cs using Guid(c7fd583c2e4af7649bbbcfe4041475b1) Importer(815301076,1909f56bfc062723c751e8b465ee728b)  -> (artifact id: '162582eca965a21f0b349cfac0359b1c') in 0.028894 seconds
  Import took 0.033029 seconds .

========================================================================
Received Prepare
Registering precompiled user dll's ...
Registered in 0.002359 seconds.
Begin MonoManager ReloadAssembly
Native extension for WindowsStandalone target not found
Refreshing native plugins compatible for Editor in 0.37 ms, found 1 plugins.
Preloading 0 native plugins for Editor in 0.00 ms.
Mono: successfully reloaded assembly
- Completed reload, in  0.873 seconds
Platform modules already initialized, skipping
Refreshing native plugins compatible for Editor in 0.39 ms, found 1 plugins.
Preloading 0 native plugins for Editor in 0.00 ms.
Unloading 1833 Unused Serialized files (Serialized files now loaded: 0)
System memory in use before: 161.2 MB.
System memory in use after: 161.3 MB.

Unloading 9 unused Assets to reduce memory usage. Loaded Objects now: 2418.
Total: 2.177300 ms (FindLiveObjects: 0.248000 ms CreateObjectMapping: 0.078200 ms MarkObjects: 1.837000 ms  DeleteObjects: 0.013200 ms)

========================================================================
Received Import Request.
  Time since last request: 89.952190 seconds.
  path: Assets/Scripts/BGMove_Event.cs
  artifactKey: Guid(c7fd583c2e4af7649bbbcfe4041475b1) Importer(815301076,1909f56bfc062723c751e8b465ee728b)
Start importing Assets/Scripts/BGMove_Event.cs using Guid(c7fd583c2e4af7649bbbcfe4041475b1) Importer(815301076,1909f56bfc062723c751e8b465ee728b)  -> (artifact id: 'c4cd20f4500ed2eb0a269708ad2fb610') in 0.008869 seconds
  Import took 0.012423 seconds .

========================================================================
Received Import Request.
  Time since last request: 820.006465 seconds.
  path: Assets/Scripts/BGMove_Event.cs
  artifactKey: Guid(c7fd583c2e4af7649bbbcfe4041475b1) Importer(815301076,1909f56bfc062723c751e8b465ee728b)
Start importing Assets/Scripts/BGMove_Event.cs using Guid(c7fd583c2e4af7649bbbcfe4041475b1) Importer(815301076,1909f56bfc062723c751e8b465ee728b)  -> (artifact id: '255ab21eea9aea4da0dcd020aaa1bf39') in 0.009263 seconds
  Import took 0.012664 seconds .

========================================================================
Received Prepare
Registering precompiled user dll's ...
Registered in 0.002118 seconds.
Begin MonoManager ReloadAssembly
Native extension for WindowsStandalone target not found
Refreshing native plugins compatible for Editor in 0.42 ms, found 1 plugins.
Preloading 0 native plugins for Editor in 0.00 ms.
Mono: successfully reloaded assembly
- Completed reload, in  0.862 seconds
Platform modules already initialized, skipping
Refreshing native plugins compatible for Editor in 0.37 ms, found 1 plugins.
Preloading 0 native plugins for Editor in 0.00 ms.
Unloading 1833 Unused Serialized files (Serialized files now loaded: 0)
System memory in use before: 161.2 MB.
System memory in use after: 161.3 MB.

Unloading 9 unused Assets to reduce memory usage. Loaded Objects now: 2422.
Total: 1.897800 ms (FindLiveObjects: 0.159100 ms CreateObjectMapping: 0.050300 ms MarkObjects: 1.674900 ms  DeleteObjects: 0.012600 ms)

========================================================================
Received Import Request.
  Time since last request: 32.614279 seconds.
  path: Assets/Scripts/BGMove_Event.cs
  artifactKey: Guid(c7fd583c2e4af7649bbbcfe4041475b1) Importer(815301076,1909f56bfc062723c751e8b465ee728b)
Start importing Assets/Scripts/BGMove_Event.cs using Guid(c7fd583c2e4af7649bbbcfe4041475b1) Importer(815301076,1909f56bfc062723c751e8b465ee728b)  -> (artifact id: 'e9d53cf4a516a9a18cc3e22f3d661d92') in 0.004266 seconds
  Import took 0.007022 seconds .

========================================================================
Received Prepare
Registering precompiled user dll's ...
Registered in 0.002981 seconds.
Begin MonoManager ReloadAssembly
Native extension for WindowsStandalone target not found
Refreshing native plugins compatible for Editor in 0.37 ms, found 1 plugins.
Preloading 0 native plugins for Editor in 0.00 ms.
Mono: successfully reloaded assembly
- Completed reload, in  0.790 seconds
Platform modules already initialized, skipping
Refreshing native plugins compatible for Editor in 0.44 ms, found 1 plugins.
Preloading 0 native plugins for Editor in 0.00 ms.
Unloading 1833 Unused Serialized files (Serialized files now loaded: 0)
System memory in use before: 161.2 MB.
System memory in use after: 161.3 MB.

Unloading 9 unused Assets to reduce memory usage. Loaded Objects now: 2426.
Total: 2.186300 ms (FindLiveObjects: 0.215600 ms CreateObjectMapping: 0.107700 ms MarkObjects: 1.845300 ms  DeleteObjects: 0.016400 ms)

========================================================================
Received Import Request.
  Time since last request: 36.868931 seconds.
  path: Assets/Scenes/Event01.unity
  artifactKey: Guid(b7ab77e5e2bb36140b9d4c8613eb4e5b) Importer(815301076,1909f56bfc062723c751e8b465ee728b)
Start importing Assets/Scenes/Event01.unity using Guid(b7ab77e5e2bb36140b9d4c8613eb4e5b) Importer(815301076,1909f56bfc062723c751e8b465ee728b)  -> (artifact id: '813c24c03938ab70c8c66bfe2eaba32c') in 0.019184 seconds
  Import took 0.022523 seconds .

========================================================================
Received Prepare
Registering precompiled user dll's ...
Registered in 0.002158 seconds.
Begin MonoManager ReloadAssembly
Native extension for WindowsStandalone target not found
Refreshing native plugins compatible for Editor in 0.36 ms, found 1 plugins.
Preloading 0 native plugins for Editor in 0.00 ms.
Mono: successfully reloaded assembly
- Completed reload, in  0.798 seconds
Platform modules already initialized, skipping
Refreshing native plugins compatible for Editor in 0.43 ms, found 1 plugins.
Preloading 0 native plugins for Editor in 0.00 ms.
Unloading 1833 Unused Serialized files (Serialized files now loaded: 0)
System memory in use before: 161.2 MB.
System memory in use after: 161.3 MB.

Unloading 9 unused Assets to reduce memory usage. Loaded Objects now: 2430.
Total: 2.147200 ms (FindLiveObjects: 0.209300 ms CreateObjectMapping: 0.071100 ms MarkObjects: 1.852600 ms  DeleteObjects: 0.013300 ms)

========================================================================
Received Prepare
Registering precompiled user dll's ...
Registered in 0.002324 seconds.
Begin MonoManager ReloadAssembly
Native extension for WindowsStandalone target not found
Refreshing native plugins compatible for Editor in 0.64 ms, found 1 plugins.
Preloading 0 native plugins for Editor in 0.00 ms.
Mono: successfully reloaded assembly
- Completed reload, in  0.869 seconds
Platform modules already initialized, skipping
Refreshing native plugins compatible for Editor in 0.39 ms, found 1 plugins.
Preloading 0 native plugins for Editor in 0.00 ms.
Unloading 1833 Unused Serialized files (Serialized files now loaded: 0)
System memory in use before: 161.2 MB.
System memory in use after: 161.4 MB.

Unloading 9 unused Assets to reduce memory usage. Loaded Objects now: 2434.
Total: 5.930200 ms (FindLiveObjects: 0.632400 ms CreateObjectMapping: 0.408800 ms MarkObjects: 4.846900 ms  DeleteObjects: 0.039100 ms)

========================================================================
Received Prepare
Registering precompiled user dll's ...
Registered in 0.002099 seconds.
Begin MonoManager ReloadAssembly
Native extension for WindowsStandalone target not found
Refreshing native plugins compatible for Editor in 0.37 ms, found 1 plugins.
Preloading 0 native plugins for Editor in 0.00 ms.
Mono: successfully reloaded assembly
- Completed reload, in  0.820 seconds
Platform modules already initialized, skipping
Refreshing native plugins compatible for Editor in 0.40 ms, found 1 plugins.
Preloading 0 native plugins for Editor in 0.00 ms.
Unloading 1833 Unused Serialized files (Serialized files now loaded: 0)
System memory in use before: 161.2 MB.
System memory in use after: 161.4 MB.

Unloading 9 unused Assets to reduce memory usage. Loaded Objects now: 2438.
Total: 2.024900 ms (FindLiveObjects: 0.184100 ms CreateObjectMapping: 0.067700 ms MarkObjects: 1.758100 ms  DeleteObjects: 0.013500 ms)

========================================================================
Received Prepare
Registering precompiled user dll's ...
Registered in 0.002717 seconds.
Begin MonoManager ReloadAssembly
Native extension for WindowsStandalone target not found
Refreshing native plugins compatible for Editor in 0.35 ms, found 1 plugins.
Preloading 0 native plugins for Editor in 0.00 ms.
Mono: successfully reloaded assembly
- Completed reload, in  0.809 seconds
Platform modules already initialized, skipping
Refreshing native plugins compatible for Editor in 0.37 ms, found 1 plugins.
Preloading 0 native plugins for Editor in 0.00 ms.
Unloading 1833 Unused Serialized files (Serialized files now loaded: 0)
System memory in use before: 161.3 MB.
System memory in use after: 161.4 MB.

Unloading 9 unused Assets to reduce memory usage. Loaded Objects now: 2442.
Total: 2.355900 ms (FindLiveObjects: 0.281800 ms CreateObjectMapping: 0.126000 ms MarkObjects: 1.924200 ms  DeleteObjects: 0.022200 ms)

========================================================================
Received Prepare
Registering precompiled user dll's ...
Registered in 0.002178 seconds.
Begin MonoManager ReloadAssembly
Native extension for WindowsStandalone target not found
Refreshing native plugins compatible for Editor in 0.36 ms, found 1 plugins.
Preloading 0 native plugins for Editor in 0.00 ms.
Mono: successfully reloaded assembly
- Completed reload, in  0.837 seconds
Platform modules already initialized, skipping
Refreshing native plugins compatible for Editor in 0.45 ms, found 1 plugins.
Preloading 0 native plugins for Editor in 0.00 ms.
Unloading 1833 Unused Serialized files (Serialized files now loaded: 0)
System memory in use before: 161.3 MB.
System memory in use after: 161.4 MB.

Unloading 9 unused Assets to reduce memory usage. Loaded Objects now: 2446.
Total: 1.762600 ms (FindLiveObjects: 0.154300 ms CreateObjectMapping: 0.047500 ms MarkObjects: 1.546700 ms  DeleteObjects: 0.013400 ms)

========================================================================
Received Import Request.
  Time since last request: 391.987254 seconds.
  path: Assets/Scripts/BGMove_Event.cs
  artifactKey: Guid(c7fd583c2e4af7649bbbcfe4041475b1) Importer(815301076,1909f56bfc062723c751e8b465ee728b)
Start importing Assets/Scripts/BGMove_Event.cs using Guid(c7fd583c2e4af7649bbbcfe4041475b1) Importer(815301076,1909f56bfc062723c751e8b465ee728b)  -> (artifact id: '2c13a9036ea8ed58ba20d4586610d5e7') in 0.006455 seconds
  Import took 0.010506 seconds .

========================================================================
Received Import Request.
  Time since last request: 15.551027 seconds.
  path: Assets/Scenes/Event01.unity
  artifactKey: Guid(b7ab77e5e2bb36140b9d4c8613eb4e5b) Importer(815301076,1909f56bfc062723c751e8b465ee728b)
Start importing Assets/Scenes/Event01.unity using Guid(b7ab77e5e2bb36140b9d4c8613eb4e5b) Importer(815301076,1909f56bfc062723c751e8b465ee728b)  -> (artifact id: '349bb9bd79bddae3fe4cb4d7cf77c9fa') in 0.007762 seconds
  Import took 0.010564 seconds .

