Using pre-set license
Built from '2020.3/staging' branch; Version is '2020.3.5f1 (8095aa901b9b) revision 8426922'; Using compiler version '192528614'; Build Type 'Release'
OS: 'Windows 10 Enterprise; OS build 19042.928; Version 2009; 64bit' Language: 'ko' Physical Memory: 16229 MB
BatchMode: 1, IsHumanControllingUs: 0, StartBugReporterOnCrash: 0, Is64bit: 1, IsPro: 0

 COMMAND LINE ARGUMENTS:
C:\Program Files\2020.3.5f1\Editor\Unity.exe
-adb2
-batchMode
-noUpm
-name
AssetImportWorker0
-projectPath
C:/Users/user/Documents/GitHub/Unity_Rhythm_In/Rhythm_In
-logFile
Logs/AssetImportWorker0.log
-srvPort
12601
Successfully changed project path to: C:/Users/user/Documents/GitHub/Unity_Rhythm_In/Rhythm_In
C:/Users/user/Documents/GitHub/Unity_Rhythm_In/Rhythm_In
Using Asset Import Pipeline V2.
Refreshing native plugins compatible for Editor in 35.00 ms, found 1 plugins.
Preloading 0 native plugins for Editor in 0.00 ms.
Initialize engine version: 2020.3.5f1 (8095aa901b9b)
[Subsystems] Discovering subsystems at path C:/Program Files/2020.3.5f1/Editor/Data/Resources/UnitySubsystems
[Subsystems] Discovering subsystems at path C:/Users/user/Documents/GitHub/Unity_Rhythm_In/Rhythm_In/Assets
GfxDevice: creating device client; threaded=0
Direct3D:
    Version:  Direct3D 11.0 [level 11.1]
    Renderer: NVIDIA GeForce GTX 1660 Ti (ID=0x2191)
    Vendor:   
    VRAM:     5991 MB
    Driver:   27.21.14.5167
Initialize mono
Mono path[0] = 'C:/Program Files/2020.3.5f1/Editor/Data/Managed'
Mono path[1] = 'C:/Program Files/2020.3.5f1/Editor/Data/MonoBleedingEdge/lib/mono/unityjit'
Mono config path = 'C:/Program Files/2020.3.5f1/Editor/Data/MonoBleedingEdge/etc'
Using monoOptions --debugger-agent=transport=dt_socket,embedding=1,server=y,suspend=n,address=127.0.0.1:56268
Begin MonoManager ReloadAssembly
Registering precompiled unity dll's ...
Register platform support module: C:/Program Files/2020.3.5f1/Editor/Data/PlaybackEngines/WindowsStandaloneSupport/UnityEditor.WindowsStandalone.Extensions.dll
Registered in 0.002209 seconds.
Native extension for WindowsStandalone target not found
Refreshing native plugins compatible for Editor in 33.78 ms, found 1 plugins.
Preloading 0 native plugins for Editor in 0.00 ms.
Mono: successfully reloaded assembly
- Completed reload, in  1.866 seconds
Platform modules already initialized, skipping
Registering precompiled user dll's ...
Registered in 0.001063 seconds.
Begin MonoManager ReloadAssembly
Native extension for WindowsStandalone target not found
Refreshing native plugins compatible for Editor in 33.05 ms, found 1 plugins.
Preloading 0 native plugins for Editor in 0.00 ms.
Mono: successfully reloaded assembly
- Completed reload, in  0.920 seconds
Platform modules already initialized, skipping
========================================================================
Worker process is ready to serve import requests
Launched and connected shader compiler UnityShaderCompiler.exe after 0.05 seconds
Refreshing native plugins compatible for Editor in 0.33 ms, found 1 plugins.
Preloading 0 native plugins for Editor in 0.00 ms.
Unloading 1811 Unused Serialized files (Serialized files now loaded: 0)
System memory in use before: 85.0 MB.
System memory in use after: 85.1 MB.

Unloading 19 unused Assets to reduce memory usage. Loaded Objects now: 2258.
Total: 1.913400 ms (FindLiveObjects: 0.208000 ms CreateObjectMapping: 0.068000 ms MarkObjects: 1.583900 ms  DeleteObjects: 0.052700 ms)

========================================================================
Received Import Request.
  path: Assets/Items/Sheet.png
  artifactKey: Guid(4383f64f7881f8147aaa976caa98580b) Importer(815301076,1909f56bfc062723c751e8b465ee728b)
Start importing Assets/Items/Sheet.png using Guid(4383f64f7881f8147aaa976caa98580b) Importer(815301076,1909f56bfc062723c751e8b465ee728b)  -> (artifact id: '3e0024ff3178b1ae01fed4997efc5203') in 0.241765 seconds
  Import took 0.244660 seconds .

========================================================================
Received Import Request.
  Time since last request: 0.000360 seconds.
  path: Assets/Items/Preview.png
  artifactKey: Guid(70dc176dec346b64d964bb3b2e9dba2a) Importer(815301076,1909f56bfc062723c751e8b465ee728b)
Start importing Assets/Items/Preview.png using Guid(70dc176dec346b64d964bb3b2e9dba2a) Importer(815301076,1909f56bfc062723c751e8b465ee728b)  -> (artifact id: 'e1864aa277c71033b160e191c43a1723') in 0.024543 seconds
  Import took 0.027337 seconds .

========================================================================
Received Import Request.
  Time since last request: 0.000447 seconds.
  path: Assets/Maps/Tilemap.prefab
  artifactKey: Guid(77277f01c7ddf0544baa362ecf470077) Importer(815301076,1909f56bfc062723c751e8b465ee728b)
Start importing Assets/Maps/Tilemap.prefab using Guid(77277f01c7ddf0544baa362ecf470077) Importer(815301076,1909f56bfc062723c751e8b465ee728b)  -> (artifact id: 'c51e37adcd0f610ecbc021e8bc8fc341') in 0.019817 seconds
  Import took 0.022745 seconds .

========================================================================
Received Import Request.
  Time since last request: 9.771124 seconds.
  path: Assets/Scripts/PlayerMove.cs
  artifactKey: Guid(74dd96c9d2d78f14591c4a6c3b7f631b) Importer(815301076,1909f56bfc062723c751e8b465ee728b)
Start importing Assets/Scripts/PlayerMove.cs using Guid(74dd96c9d2d78f14591c4a6c3b7f631b) Importer(815301076,1909f56bfc062723c751e8b465ee728b)  -> (artifact id: 'b88eddd251c9aaad284eac3c1f260b0c') in 0.015981 seconds
  Import took 0.019772 seconds .

========================================================================
Received Import Request.
  Time since last request: 0.658005 seconds.
  path: Assets/Scripts/PlayerMove.cs
  artifactKey: Guid(74dd96c9d2d78f14591c4a6c3b7f631b) Importer(815301076,1909f56bfc062723c751e8b465ee728b)
Start importing Assets/Scripts/PlayerMove.cs using Guid(74dd96c9d2d78f14591c4a6c3b7f631b) Importer(815301076,1909f56bfc062723c751e8b465ee728b)  -> (artifact id: 'b88eddd251c9aaad284eac3c1f260b0c') in 0.002678 seconds
  Import took 0.007045 seconds .

========================================================================
Received Prepare
Registering precompiled user dll's ...
Registered in 0.001212 seconds.
Begin MonoManager ReloadAssembly
Native extension for WindowsStandalone target not found
Refreshing native plugins compatible for Editor in 0.32 ms, found 1 plugins.
Preloading 0 native plugins for Editor in 0.00 ms.
Mono: successfully reloaded assembly
- Completed reload, in  0.842 seconds
Platform modules already initialized, skipping
Refreshing native plugins compatible for Editor in 0.41 ms, found 1 plugins.
Preloading 0 native plugins for Editor in 0.00 ms.
Unloading 1801 Unused Serialized files (Serialized files now loaded: 0)
System memory in use before: 87.6 MB.
System memory in use after: 87.7 MB.

Unloading 7 unused Assets to reduce memory usage. Loaded Objects now: 2270.
Total: 2.140800 ms (FindLiveObjects: 0.222600 ms CreateObjectMapping: 0.087100 ms MarkObjects: 1.814800 ms  DeleteObjects: 0.015400 ms)

========================================================================
Received Prepare
Registering precompiled user dll's ...
Registered in 0.001470 seconds.
Begin MonoManager ReloadAssembly
Native extension for WindowsStandalone target not found
Refreshing native plugins compatible for Editor in 0.33 ms, found 1 plugins.
Preloading 0 native plugins for Editor in 0.00 ms.
Mono: successfully reloaded assembly
- Completed reload, in  0.854 seconds
Platform modules already initialized, skipping
Refreshing native plugins compatible for Editor in 0.39 ms, found 1 plugins.
Preloading 0 native plugins for Editor in 0.00 ms.
Unloading 1801 Unused Serialized files (Serialized files now loaded: 0)
System memory in use before: 87.6 MB.
System memory in use after: 87.7 MB.

Unloading 7 unused Assets to reduce memory usage. Loaded Objects now: 2274.
Total: 2.305000 ms (FindLiveObjects: 0.371600 ms CreateObjectMapping: 0.076600 ms MarkObjects: 1.821700 ms  DeleteObjects: 0.034200 ms)

========================================================================
Received Prepare
Registering precompiled user dll's ...
Registered in 0.001322 seconds.
Begin MonoManager ReloadAssembly
Native extension for WindowsStandalone target not found
Refreshing native plugins compatible for Editor in 0.34 ms, found 1 plugins.
Preloading 0 native plugins for Editor in 0.00 ms.
Mono: successfully reloaded assembly
- Completed reload, in  0.817 seconds
Platform modules already initialized, skipping
Refreshing native plugins compatible for Editor in 0.41 ms, found 1 plugins.
Preloading 0 native plugins for Editor in 0.00 ms.
Unloading 1801 Unused Serialized files (Serialized files now loaded: 0)
System memory in use before: 87.6 MB.
System memory in use after: 87.7 MB.

Unloading 7 unused Assets to reduce memory usage. Loaded Objects now: 2278.
Total: 1.967600 ms (FindLiveObjects: 0.194000 ms CreateObjectMapping: 0.065700 ms MarkObjects: 1.690300 ms  DeleteObjects: 0.016600 ms)

========================================================================
Received Prepare
Registering precompiled user dll's ...
Registered in 0.001320 seconds.
Begin MonoManager ReloadAssembly
Native extension for WindowsStandalone target not found
Refreshing native plugins compatible for Editor in 0.33 ms, found 1 plugins.
Preloading 0 native plugins for Editor in 0.00 ms.
Mono: successfully reloaded assembly
- Completed reload, in  0.789 seconds
Platform modules already initialized, skipping
Refreshing native plugins compatible for Editor in 0.39 ms, found 1 plugins.
Preloading 0 native plugins for Editor in 0.00 ms.
Unloading 1801 Unused Serialized files (Serialized files now loaded: 0)
System memory in use before: 87.6 MB.
System memory in use after: 87.7 MB.

Unloading 7 unused Assets to reduce memory usage. Loaded Objects now: 2282.
Total: 1.913400 ms (FindLiveObjects: 0.190100 ms CreateObjectMapping: 0.096000 ms MarkObjects: 1.607300 ms  DeleteObjects: 0.018700 ms)

========================================================================
Received Import Request.
  Time since last request: 159.802670 seconds.
  path: Assets/Scripts/GameManager.cs
  artifactKey: Guid(a6ce5e5110af3ee44ae57a64a5f5ed36) Importer(815301076,1909f56bfc062723c751e8b465ee728b)
Start importing Assets/Scripts/GameManager.cs using Guid(a6ce5e5110af3ee44ae57a64a5f5ed36) Importer(815301076,1909f56bfc062723c751e8b465ee728b)  -> (artifact id: '9e2ab8ec9b9c05d9e9c3f213c2c953a8') in 0.017849 seconds
  Import took 0.020621 seconds .

========================================================================
Received Import Request.
  Time since last request: 0.045890 seconds.
  path: Assets/Scripts/DestroyMap.cs
  artifactKey: Guid(260a4267108f95247824c1fe3ee123fb) Importer(815301076,1909f56bfc062723c751e8b465ee728b)
Start importing Assets/Scripts/DestroyMap.cs using Guid(260a4267108f95247824c1fe3ee123fb) Importer(815301076,1909f56bfc062723c751e8b465ee728b)  -> (artifact id: 'b242840a4cff771e93cdd440939a23be') in 0.009696 seconds
  Import took 0.012869 seconds .

========================================================================
Received Prepare
Registering precompiled user dll's ...
Registered in 0.001202 seconds.
Begin MonoManager ReloadAssembly
Native extension for WindowsStandalone target not found
Refreshing native plugins compatible for Editor in 0.34 ms, found 1 plugins.
Preloading 0 native plugins for Editor in 0.00 ms.
Mono: successfully reloaded assembly
- Completed reload, in  0.861 seconds
Platform modules already initialized, skipping
Refreshing native plugins compatible for Editor in 0.40 ms, found 1 plugins.
Preloading 0 native plugins for Editor in 0.00 ms.
Unloading 1801 Unused Serialized files (Serialized files now loaded: 0)
System memory in use before: 87.7 MB.
System memory in use after: 87.8 MB.

Unloading 7 unused Assets to reduce memory usage. Loaded Objects now: 2286.
Total: 1.945300 ms (FindLiveObjects: 0.188900 ms CreateObjectMapping: 0.085200 ms MarkObjects: 1.649200 ms  DeleteObjects: 0.020800 ms)

========================================================================
Received Import Request.
  Time since last request: 132.096473 seconds.
  path: Assets/Scripts
  artifactKey: Guid(1fe51158e770de54bb6039971305e7f0) Importer(815301076,1909f56bfc062723c751e8b465ee728b)
Start importing Assets/Scripts using Guid(1fe51158e770de54bb6039971305e7f0) Importer(815301076,1909f56bfc062723c751e8b465ee728b)  -> (artifact id: 'dce1901073af90f34c05486a93d1d216') in 0.012644 seconds
  Import took 0.025541 seconds .

========================================================================
Received Import Request.
  Time since last request: 8.611039 seconds.
  path: Assets/Scripts/CameraMoving.cs
  artifactKey: Guid(6b6b6eaabaf95ee4aa19bb615703efdf) Importer(815301076,1909f56bfc062723c751e8b465ee728b)
Start importing Assets/Scripts/CameraMoving.cs using Guid(6b6b6eaabaf95ee4aa19bb615703efdf) Importer(815301076,1909f56bfc062723c751e8b465ee728b)  -> (artifact id: '0a046b2b33ef7fa041b9705f5775d3a5') in 0.010800 seconds
  Import took 0.015006 seconds .

========================================================================
Received Prepare
Registering precompiled user dll's ...
Registered in 0.001159 seconds.
Begin MonoManager ReloadAssembly
Native extension for WindowsStandalone target not found
Refreshing native plugins compatible for Editor in 0.33 ms, found 1 plugins.
Preloading 0 native plugins for Editor in 0.00 ms.
Mono: successfully reloaded assembly
- Completed reload, in  0.853 seconds
Platform modules already initialized, skipping
Refreshing native plugins compatible for Editor in 0.33 ms, found 1 plugins.
Preloading 0 native plugins for Editor in 0.00 ms.
Unloading 1802 Unused Serialized files (Serialized files now loaded: 0)
System memory in use before: 87.7 MB.
System memory in use after: 87.8 MB.

Unloading 7 unused Assets to reduce memory usage. Loaded Objects now: 2291.
Total: 1.905500 ms (FindLiveObjects: 0.182400 ms CreateObjectMapping: 0.061800 ms MarkObjects: 1.642000 ms  DeleteObjects: 0.018600 ms)

========================================================================
Received Prepare
Registering precompiled user dll's ...
Registered in 0.038076 seconds.
Begin MonoManager ReloadAssembly
Native extension for WindowsStandalone target not found
Refreshing native plugins compatible for Editor in 0.35 ms, found 1 plugins.
Preloading 0 native plugins for Editor in 0.00 ms.
Mono: successfully reloaded assembly
- Completed reload, in  0.795 seconds
Platform modules already initialized, skipping
Refreshing native plugins compatible for Editor in 0.37 ms, found 1 plugins.
Preloading 0 native plugins for Editor in 0.00 ms.
Unloading 1802 Unused Serialized files (Serialized files now loaded: 0)
System memory in use before: 87.7 MB.
System memory in use after: 87.8 MB.

Unloading 7 unused Assets to reduce memory usage. Loaded Objects now: 2295.
Total: 1.842200 ms (FindLiveObjects: 0.221400 ms CreateObjectMapping: 0.064700 ms MarkObjects: 1.540600 ms  DeleteObjects: 0.014700 ms)

========================================================================
Received Prepare
Registering precompiled user dll's ...
Registered in 0.001088 seconds.
Begin MonoManager ReloadAssembly
Native extension for WindowsStandalone target not found
Refreshing native plugins compatible for Editor in 0.36 ms, found 1 plugins.
Preloading 0 native plugins for Editor in 0.00 ms.
Mono: successfully reloaded assembly
- Completed reload, in  0.819 seconds
Platform modules already initialized, skipping
Refreshing native plugins compatible for Editor in 0.41 ms, found 1 plugins.
Preloading 0 native plugins for Editor in 0.00 ms.
Unloading 1802 Unused Serialized files (Serialized files now loaded: 0)
System memory in use before: 87.7 MB.
System memory in use after: 87.8 MB.

Unloading 7 unused Assets to reduce memory usage. Loaded Objects now: 2299.
Total: 2.330800 ms (FindLiveObjects: 0.411400 ms CreateObjectMapping: 0.073700 ms MarkObjects: 1.808300 ms  DeleteObjects: 0.036400 ms)

========================================================================
Received Prepare
Registering precompiled user dll's ...
Registered in 0.000980 seconds.
Begin MonoManager ReloadAssembly
Native extension for WindowsStandalone target not found
Refreshing native plugins compatible for Editor in 0.35 ms, found 1 plugins.
Preloading 0 native plugins for Editor in 0.00 ms.
Mono: successfully reloaded assembly
- Completed reload, in  0.814 seconds
Platform modules already initialized, skipping
Refreshing native plugins compatible for Editor in 0.38 ms, found 1 plugins.
Preloading 0 native plugins for Editor in 0.00 ms.
Unloading 1802 Unused Serialized files (Serialized files now loaded: 0)
System memory in use before: 87.7 MB.
System memory in use after: 87.8 MB.

Unloading 7 unused Assets to reduce memory usage. Loaded Objects now: 2303.
Total: 2.182000 ms (FindLiveObjects: 0.240700 ms CreateObjectMapping: 0.075800 ms MarkObjects: 1.847500 ms  DeleteObjects: 0.017100 ms)

========================================================================
Received Prepare
Registering precompiled user dll's ...
Registered in 0.001009 seconds.
Begin MonoManager ReloadAssembly
Native extension for WindowsStandalone target not found
Refreshing native plugins compatible for Editor in 0.34 ms, found 1 plugins.
Preloading 0 native plugins for Editor in 0.00 ms.
Mono: successfully reloaded assembly
- Completed reload, in  0.802 seconds
Platform modules already initialized, skipping
Refreshing native plugins compatible for Editor in 0.38 ms, found 1 plugins.
Preloading 0 native plugins for Editor in 0.00 ms.
Unloading 1802 Unused Serialized files (Serialized files now loaded: 0)
System memory in use before: 87.7 MB.
System memory in use after: 87.8 MB.

Unloading 7 unused Assets to reduce memory usage. Loaded Objects now: 2307.
Total: 2.168900 ms (FindLiveObjects: 0.240800 ms CreateObjectMapping: 0.168200 ms MarkObjects: 1.743800 ms  DeleteObjects: 0.015200 ms)

========================================================================
Received Prepare
Registering precompiled user dll's ...
Registered in 0.001037 seconds.
Begin MonoManager ReloadAssembly
Native extension for WindowsStandalone target not found
Refreshing native plugins compatible for Editor in 0.43 ms, found 1 plugins.
Preloading 0 native plugins for Editor in 0.00 ms.
Mono: successfully reloaded assembly
- Completed reload, in  0.803 seconds
Platform modules already initialized, skipping
Refreshing native plugins compatible for Editor in 0.40 ms, found 1 plugins.
Preloading 0 native plugins for Editor in 0.00 ms.
Unloading 1802 Unused Serialized files (Serialized files now loaded: 0)
System memory in use before: 87.7 MB.
System memory in use after: 87.8 MB.

Unloading 7 unused Assets to reduce memory usage. Loaded Objects now: 2311.
Total: 2.195600 ms (FindLiveObjects: 0.261200 ms CreateObjectMapping: 0.098800 ms MarkObjects: 1.822000 ms  DeleteObjects: 0.012400 ms)

========================================================================
Received Prepare
Registering precompiled user dll's ...
Registered in 0.001116 seconds.
Begin MonoManager ReloadAssembly
Native extension for WindowsStandalone target not found
Refreshing native plugins compatible for Editor in 0.34 ms, found 1 plugins.
Preloading 0 native plugins for Editor in 0.00 ms.
Mono: successfully reloaded assembly
- Completed reload, in  0.824 seconds
Platform modules already initialized, skipping
Refreshing native plugins compatible for Editor in 0.41 ms, found 1 plugins.
Preloading 0 native plugins for Editor in 0.00 ms.
Unloading 1802 Unused Serialized files (Serialized files now loaded: 0)
System memory in use before: 87.7 MB.
System memory in use after: 87.9 MB.

Unloading 7 unused Assets to reduce memory usage. Loaded Objects now: 2315.
Total: 2.304300 ms (FindLiveObjects: 0.438900 ms CreateObjectMapping: 0.081400 ms MarkObjects: 1.771500 ms  DeleteObjects: 0.011500 ms)

========================================================================
Received Prepare
Registering precompiled user dll's ...
Registered in 0.001013 seconds.
Begin MonoManager ReloadAssembly
Native extension for WindowsStandalone target not found
Refreshing native plugins compatible for Editor in 0.33 ms, found 1 plugins.
Preloading 0 native plugins for Editor in 0.00 ms.
Mono: successfully reloaded assembly
- Completed reload, in  0.793 seconds
Platform modules already initialized, skipping
Refreshing native plugins compatible for Editor in 0.39 ms, found 1 plugins.
Preloading 0 native plugins for Editor in 0.00 ms.
Unloading 1802 Unused Serialized files (Serialized files now loaded: 0)
System memory in use before: 87.7 MB.
System memory in use after: 87.9 MB.

Unloading 7 unused Assets to reduce memory usage. Loaded Objects now: 2319.
Total: 2.014800 ms (FindLiveObjects: 0.200900 ms CreateObjectMapping: 0.083900 ms MarkObjects: 1.709000 ms  DeleteObjects: 0.019800 ms)

========================================================================
Received Prepare
Registering precompiled user dll's ...
Registered in 0.001030 seconds.
Begin MonoManager ReloadAssembly
Native extension for WindowsStandalone target not found
Refreshing native plugins compatible for Editor in 0.33 ms, found 1 plugins.
Preloading 0 native plugins for Editor in 0.00 ms.
Mono: successfully reloaded assembly
- Completed reload, in  0.806 seconds
Platform modules already initialized, skipping
Refreshing native plugins compatible for Editor in 0.41 ms, found 1 plugins.
Preloading 0 native plugins for Editor in 0.00 ms.
Unloading 1802 Unused Serialized files (Serialized files now loaded: 0)
System memory in use before: 87.8 MB.
System memory in use after: 87.9 MB.

Unloading 7 unused Assets to reduce memory usage. Loaded Objects now: 2323.
Total: 2.170500 ms (FindLiveObjects: 0.418700 ms CreateObjectMapping: 0.112400 ms MarkObjects: 1.620000 ms  DeleteObjects: 0.018100 ms)

========================================================================
Received Prepare
Registering precompiled user dll's ...
Registered in 0.001133 seconds.
Begin MonoManager ReloadAssembly
Native extension for WindowsStandalone target not found
Refreshing native plugins compatible for Editor in 0.34 ms, found 1 plugins.
Preloading 0 native plugins for Editor in 0.00 ms.
Mono: successfully reloaded assembly
- Completed reload, in  0.806 seconds
Platform modules already initialized, skipping
Refreshing native plugins compatible for Editor in 0.40 ms, found 1 plugins.
Preloading 0 native plugins for Editor in 0.00 ms.
Unloading 1802 Unused Serialized files (Serialized files now loaded: 0)
System memory in use before: 87.8 MB.
System memory in use after: 87.9 MB.

Unloading 7 unused Assets to reduce memory usage. Loaded Objects now: 2327.
Total: 2.368200 ms (FindLiveObjects: 0.301100 ms CreateObjectMapping: 0.122900 ms MarkObjects: 1.928100 ms  DeleteObjects: 0.015200 ms)

========================================================================
Received Prepare
Registering precompiled user dll's ...
Registered in 0.001009 seconds.
Begin MonoManager ReloadAssembly
Native extension for WindowsStandalone target not found
Refreshing native plugins compatible for Editor in 0.34 ms, found 1 plugins.
Preloading 0 native plugins for Editor in 0.00 ms.
Mono: successfully reloaded assembly
- Completed reload, in  0.810 seconds
Platform modules already initialized, skipping
Refreshing native plugins compatible for Editor in 0.42 ms, found 1 plugins.
Preloading 0 native plugins for Editor in 0.00 ms.
Unloading 1802 Unused Serialized files (Serialized files now loaded: 0)
System memory in use before: 87.8 MB.
System memory in use after: 87.9 MB.

Unloading 7 unused Assets to reduce memory usage. Loaded Objects now: 2331.
Total: 2.217900 ms (FindLiveObjects: 0.325000 ms CreateObjectMapping: 0.098300 ms MarkObjects: 1.777300 ms  DeleteObjects: 0.016500 ms)

========================================================================
Received Prepare
Registering precompiled user dll's ...
Registered in 0.001042 seconds.
Begin MonoManager ReloadAssembly
Native extension for WindowsStandalone target not found
Refreshing native plugins compatible for Editor in 0.34 ms, found 1 plugins.
Preloading 0 native plugins for Editor in 0.00 ms.
Mono: successfully reloaded assembly
- Completed reload, in  0.802 seconds
Platform modules already initialized, skipping
Refreshing native plugins compatible for Editor in 0.39 ms, found 1 plugins.
Preloading 0 native plugins for Editor in 0.00 ms.
Unloading 1802 Unused Serialized files (Serialized files now loaded: 0)
System memory in use before: 87.8 MB.
System memory in use after: 87.9 MB.

Unloading 7 unused Assets to reduce memory usage. Loaded Objects now: 2335.
Total: 1.889400 ms (FindLiveObjects: 0.255700 ms CreateObjectMapping: 0.091000 ms MarkObjects: 1.528600 ms  DeleteObjects: 0.013200 ms)

========================================================================
Received Prepare
Registering precompiled user dll's ...
Registered in 0.001358 seconds.
Begin MonoManager ReloadAssembly
Native extension for WindowsStandalone target not found
Refreshing native plugins compatible for Editor in 0.33 ms, found 1 plugins.
Preloading 0 native plugins for Editor in 0.00 ms.
Mono: successfully reloaded assembly
- Completed reload, in  0.798 seconds
Platform modules already initialized, skipping
Refreshing native plugins compatible for Editor in 0.40 ms, found 1 plugins.
Preloading 0 native plugins for Editor in 0.00 ms.
Unloading 1802 Unused Serialized files (Serialized files now loaded: 0)
System memory in use before: 87.8 MB.
System memory in use after: 87.9 MB.

Unloading 7 unused Assets to reduce memory usage. Loaded Objects now: 2339.
Total: 2.415200 ms (FindLiveObjects: 0.529400 ms CreateObjectMapping: 0.153000 ms MarkObjects: 1.713000 ms  DeleteObjects: 0.018700 ms)

========================================================================
Received Prepare
Registering precompiled user dll's ...
Registered in 0.001299 seconds.
Begin MonoManager ReloadAssembly
Native extension for WindowsStandalone target not found
Refreshing native plugins compatible for Editor in 0.35 ms, found 1 plugins.
Preloading 0 native plugins for Editor in 0.00 ms.
Mono: successfully reloaded assembly
- Completed reload, in  0.814 seconds
Platform modules already initialized, skipping
Refreshing native plugins compatible for Editor in 0.39 ms, found 1 plugins.
Preloading 0 native plugins for Editor in 0.00 ms.
Unloading 1802 Unused Serialized files (Serialized files now loaded: 0)
System memory in use before: 87.8 MB.
System memory in use after: 87.9 MB.

Unloading 7 unused Assets to reduce memory usage. Loaded Objects now: 2343.
Total: 2.124700 ms (FindLiveObjects: 0.280000 ms CreateObjectMapping: 0.090600 ms MarkObjects: 1.733400 ms  DeleteObjects: 0.019400 ms)

========================================================================
Received Prepare
Registering precompiled user dll's ...
Registered in 0.001024 seconds.
Begin MonoManager ReloadAssembly
Native extension for WindowsStandalone target not found
Refreshing native plugins compatible for Editor in 0.35 ms, found 1 plugins.
Preloading 0 native plugins for Editor in 0.00 ms.
Mono: successfully reloaded assembly
- Completed reload, in  0.807 seconds
Platform modules already initialized, skipping
Refreshing native plugins compatible for Editor in 0.34 ms, found 1 plugins.
Preloading 0 native plugins for Editor in 0.00 ms.
Unloading 1802 Unused Serialized files (Serialized files now loaded: 0)
System memory in use before: 87.8 MB.
System memory in use after: 87.9 MB.

Unloading 7 unused Assets to reduce memory usage. Loaded Objects now: 2347.
Total: 2.181400 ms (FindLiveObjects: 0.347300 ms CreateObjectMapping: 0.135500 ms MarkObjects: 1.674000 ms  DeleteObjects: 0.023000 ms)

========================================================================
Received Prepare
Registering precompiled user dll's ...
Registered in 0.001040 seconds.
Begin MonoManager ReloadAssembly
Native extension for WindowsStandalone target not found
Refreshing native plugins compatible for Editor in 0.35 ms, found 1 plugins.
Preloading 0 native plugins for Editor in 0.00 ms.
Mono: successfully reloaded assembly
- Completed reload, in  0.796 seconds
Platform modules already initialized, skipping
Refreshing native plugins compatible for Editor in 0.40 ms, found 1 plugins.
Preloading 0 native plugins for Editor in 0.00 ms.
Unloading 1802 Unused Serialized files (Serialized files now loaded: 0)
System memory in use before: 87.8 MB.
System memory in use after: 87.9 MB.

Unloading 7 unused Assets to reduce memory usage. Loaded Objects now: 2351.
Total: 2.039800 ms (FindLiveObjects: 0.353500 ms CreateObjectMapping: 0.063200 ms MarkObjects: 1.611300 ms  DeleteObjects: 0.010900 ms)

========================================================================
Received Import Request.
  Time since last request: 810.403752 seconds.
  path: Assets/Maps/stringstar fields/background_0.png
  artifactKey: Guid(297ac285aa4ff51499bf7380a7b247d4) Importer(815301076,1909f56bfc062723c751e8b465ee728b)
Start importing Assets/Maps/stringstar fields/background_0.png using Guid(297ac285aa4ff51499bf7380a7b247d4) Importer(815301076,1909f56bfc062723c751e8b465ee728b)  -> (artifact id: '8b8b37267f02e1b4b5a5601887f6817f') in 0.060786 seconds
  Import took 0.064659 seconds .

========================================================================
Received Import Request.
  Time since last request: 0.000307 seconds.
  path: Assets/Maps/stringstar fields
  artifactKey: Guid(b0da34115acfa044c87215d0d5db830b) Importer(815301076,1909f56bfc062723c751e8b465ee728b)
Start importing Assets/Maps/stringstar fields using Guid(b0da34115acfa044c87215d0d5db830b) Importer(815301076,1909f56bfc062723c751e8b465ee728b)  -> (artifact id: 'a5e43c21bb416dfa6f320a329614fbb9') in 0.009159 seconds
  Import took 0.011891 seconds .

========================================================================
Received Import Request.
  Time since last request: 0.000317 seconds.
  path: Assets/Maps/stringstar fields/background_2.png
  artifactKey: Guid(6eb944e90dc68d7448edbd85f87c03d6) Importer(815301076,1909f56bfc062723c751e8b465ee728b)
Start importing Assets/Maps/stringstar fields/background_2.png using Guid(6eb944e90dc68d7448edbd85f87c03d6) Importer(815301076,1909f56bfc062723c751e8b465ee728b)  -> (artifact id: 'e7dc5709597d113e1cfb4fe971ed0172') in 0.024199 seconds
  Import took 0.027725 seconds .

========================================================================
Received Import Request.
  Time since last request: 0.000433 seconds.
  path: Assets/Maps/stringstar fields/example.png
  artifactKey: Guid(f9fb24bc156027045b411ca9afda8163) Importer(815301076,1909f56bfc062723c751e8b465ee728b)
Start importing Assets/Maps/stringstar fields/example.png using Guid(f9fb24bc156027045b411ca9afda8163) Importer(815301076,1909f56bfc062723c751e8b465ee728b)  -> (artifact id: 'dc3ccc5b6003fefcd56375247329ee86') in 0.037618 seconds
  Import took 0.041916 seconds .

========================================================================
Received Import Request.
  Time since last request: 0.000315 seconds.
  path: Assets/Maps/stringstar fields/background_1.png
  artifactKey: Guid(fa9b79b87211ac74990910d0e2ad2909) Importer(815301076,1909f56bfc062723c751e8b465ee728b)
Start importing Assets/Maps/stringstar fields/background_1.png using Guid(fa9b79b87211ac74990910d0e2ad2909) Importer(815301076,1909f56bfc062723c751e8b465ee728b)  -> (artifact id: '2961e29588f0c8e6f10b49003ee7dfb5') in 0.030045 seconds
  Import took 0.032939 seconds .

========================================================================
Received Import Request.
  Time since last request: 0.000314 seconds.
  path: Assets/Maps/stringstar fields/tileset.png
  artifactKey: Guid(b97c91a31741f9b42baee53263c7b0d0) Importer(815301076,1909f56bfc062723c751e8b465ee728b)
Start importing Assets/Maps/stringstar fields/tileset.png using Guid(b97c91a31741f9b42baee53263c7b0d0) Importer(815301076,1909f56bfc062723c751e8b465ee728b)  -> (artifact id: '29c712789226a3d91ca5c15bacd0a71a') in 0.117661 seconds
  Import took 0.120598 seconds .

========================================================================
Received Prepare
Registering precompiled user dll's ...
Registered in 0.001045 seconds.
Begin MonoManager ReloadAssembly
Native extension for WindowsStandalone target not found
Refreshing native plugins compatible for Editor in 0.33 ms, found 1 plugins.
Preloading 0 native plugins for Editor in 0.00 ms.
Mono: successfully reloaded assembly
- Completed reload, in  0.792 seconds
Platform modules already initialized, skipping
Refreshing native plugins compatible for Editor in 0.37 ms, found 1 plugins.
Preloading 0 native plugins for Editor in 0.00 ms.
Unloading 1802 Unused Serialized files (Serialized files now loaded: 0)
System memory in use before: 87.8 MB.
System memory in use after: 88.0 MB.

Unloading 7 unused Assets to reduce memory usage. Loaded Objects now: 2371.
Total: 2.184500 ms (FindLiveObjects: 0.237000 ms CreateObjectMapping: 0.078100 ms MarkObjects: 1.856300 ms  DeleteObjects: 0.012200 ms)

========================================================================
Received Prepare
Registering precompiled user dll's ...
Registered in 0.000976 seconds.
Begin MonoManager ReloadAssembly
Native extension for WindowsStandalone target not found
Refreshing native plugins compatible for Editor in 0.33 ms, found 1 plugins.
Preloading 0 native plugins for Editor in 0.00 ms.
Mono: successfully reloaded assembly
- Completed reload, in  0.783 seconds
Platform modules already initialized, skipping
Refreshing native plugins compatible for Editor in 0.36 ms, found 1 plugins.
Preloading 0 native plugins for Editor in 0.00 ms.
Unloading 1802 Unused Serialized files (Serialized files now loaded: 0)
System memory in use before: 87.9 MB.
System memory in use after: 88.0 MB.

Unloading 7 unused Assets to reduce memory usage. Loaded Objects now: 2375.
Total: 2.421200 ms (FindLiveObjects: 0.476100 ms CreateObjectMapping: 0.144600 ms MarkObjects: 1.783800 ms  DeleteObjects: 0.015100 ms)

========================================================================
Received Prepare
Registering precompiled user dll's ...
Registered in 0.001035 seconds.
Begin MonoManager ReloadAssembly
Native extension for WindowsStandalone target not found
Refreshing native plugins compatible for Editor in 0.35 ms, found 1 plugins.
Preloading 0 native plugins for Editor in 0.00 ms.
Mono: successfully reloaded assembly
- Completed reload, in  0.819 seconds
Platform modules already initialized, skipping
Refreshing native plugins compatible for Editor in 0.38 ms, found 1 plugins.
Preloading 0 native plugins for Editor in 0.00 ms.
Unloading 1802 Unused Serialized files (Serialized files now loaded: 0)
System memory in use before: 87.9 MB.
System memory in use after: 88.0 MB.

Unloading 7 unused Assets to reduce memory usage. Loaded Objects now: 2379.
Total: 2.134800 ms (FindLiveObjects: 0.356700 ms CreateObjectMapping: 0.065200 ms MarkObjects: 1.697900 ms  DeleteObjects: 0.014100 ms)

========================================================================
Received Prepare
Registering precompiled user dll's ...
Registered in 0.001048 seconds.
Begin MonoManager ReloadAssembly
Native extension for WindowsStandalone target not found
Refreshing native plugins compatible for Editor in 0.33 ms, found 1 plugins.
Preloading 0 native plugins for Editor in 0.00 ms.
Mono: successfully reloaded assembly
- Completed reload, in  0.818 seconds
Platform modules already initialized, skipping
Refreshing native plugins compatible for Editor in 0.40 ms, found 1 plugins.
Preloading 0 native plugins for Editor in 0.00 ms.
Unloading 1802 Unused Serialized files (Serialized files now loaded: 0)
System memory in use before: 87.9 MB.
System memory in use after: 88.0 MB.

Unloading 7 unused Assets to reduce memory usage. Loaded Objects now: 2383.
Total: 2.127100 ms (FindLiveObjects: 0.257800 ms CreateObjectMapping: 0.069800 ms MarkObjects: 1.780200 ms  DeleteObjects: 0.018400 ms)

========================================================================
Received Prepare
Registering precompiled user dll's ...
Registered in 0.001048 seconds.
Begin MonoManager ReloadAssembly
Native extension for WindowsStandalone target not found
Refreshing native plugins compatible for Editor in 0.34 ms, found 1 plugins.
Preloading 0 native plugins for Editor in 0.00 ms.
Mono: successfully reloaded assembly
- Completed reload, in  0.790 seconds
Platform modules already initialized, skipping
Refreshing native plugins compatible for Editor in 0.39 ms, found 1 plugins.
Preloading 0 native plugins for Editor in 0.00 ms.
Unloading 1802 Unused Serialized files (Serialized files now loaded: 0)
System memory in use before: 87.9 MB.
System memory in use after: 88.0 MB.

Unloading 7 unused Assets to reduce memory usage. Loaded Objects now: 2387.
Total: 2.302700 ms (FindLiveObjects: 0.275200 ms CreateObjectMapping: 0.099400 ms MarkObjects: 1.910200 ms  DeleteObjects: 0.016700 ms)

========================================================================
Received Prepare
Registering precompiled user dll's ...
Registered in 0.001025 seconds.
Begin MonoManager ReloadAssembly
Native extension for WindowsStandalone target not found
Refreshing native plugins compatible for Editor in 0.54 ms, found 1 plugins.
Preloading 0 native plugins for Editor in 0.00 ms.
Mono: successfully reloaded assembly
- Completed reload, in  0.810 seconds
Platform modules already initialized, skipping
Refreshing native plugins compatible for Editor in 0.39 ms, found 1 plugins.
Preloading 0 native plugins for Editor in 0.00 ms.
Unloading 1802 Unused Serialized files (Serialized files now loaded: 0)
System memory in use before: 87.9 MB.
System memory in use after: 88.0 MB.

Unloading 7 unused Assets to reduce memory usage. Loaded Objects now: 2391.
Total: 2.318400 ms (FindLiveObjects: 0.369300 ms CreateObjectMapping: 0.079000 ms MarkObjects: 1.853700 ms  DeleteObjects: 0.015400 ms)

========================================================================
Received Prepare
Registering precompiled user dll's ...
Registered in 0.001248 seconds.
Begin MonoManager ReloadAssembly
Native extension for WindowsStandalone target not found
Refreshing native plugins compatible for Editor in 0.36 ms, found 1 plugins.
Preloading 0 native plugins for Editor in 0.00 ms.
Mono: successfully reloaded assembly
- Completed reload, in  0.842 seconds
Platform modules already initialized, skipping
Refreshing native plugins compatible for Editor in 0.41 ms, found 1 plugins.
Preloading 0 native plugins for Editor in 0.00 ms.
Unloading 1802 Unused Serialized files (Serialized files now loaded: 0)
System memory in use before: 87.9 MB.
System memory in use after: 88.0 MB.

Unloading 7 unused Assets to reduce memory usage. Loaded Objects now: 2395.
Total: 2.387200 ms (FindLiveObjects: 0.487400 ms CreateObjectMapping: 0.104900 ms MarkObjects: 1.779800 ms  DeleteObjects: 0.014100 ms)

========================================================================
Received Prepare
Registering precompiled user dll's ...
Registered in 0.000996 seconds.
Begin MonoManager ReloadAssembly
Native extension for WindowsStandalone target not found
Refreshing native plugins compatible for Editor in 0.33 ms, found 1 plugins.
Preloading 0 native plugins for Editor in 0.00 ms.
Mono: successfully reloaded assembly
- Completed reload, in  0.836 seconds
Platform modules already initialized, skipping
Refreshing native plugins compatible for Editor in 0.41 ms, found 1 plugins.
Preloading 0 native plugins for Editor in 0.00 ms.
Unloading 1802 Unused Serialized files (Serialized files now loaded: 0)
System memory in use before: 87.9 MB.
System memory in use after: 88.0 MB.

Unloading 7 unused Assets to reduce memory usage. Loaded Objects now: 2399.
Total: 2.310300 ms (FindLiveObjects: 0.374500 ms CreateObjectMapping: 0.063600 ms MarkObjects: 1.830600 ms  DeleteObjects: 0.040700 ms)

========================================================================
Received Prepare
Registering precompiled user dll's ...
Registered in 0.001031 seconds.
Begin MonoManager ReloadAssembly
Native extension for WindowsStandalone target not found
Refreshing native plugins compatible for Editor in 0.34 ms, found 1 plugins.
Preloading 0 native plugins for Editor in 0.00 ms.
Mono: successfully reloaded assembly
- Completed reload, in  0.819 seconds
Platform modules already initialized, skipping
Refreshing native plugins compatible for Editor in 0.37 ms, found 1 plugins.
Preloading 0 native plugins for Editor in 0.00 ms.
Unloading 1802 Unused Serialized files (Serialized files now loaded: 0)
System memory in use before: 87.9 MB.
System memory in use after: 88.0 MB.

Unloading 7 unused Assets to reduce memory usage. Loaded Objects now: 2403.
Total: 2.285200 ms (FindLiveObjects: 0.342100 ms CreateObjectMapping: 0.120300 ms MarkObjects: 1.809200 ms  DeleteObjects: 0.012900 ms)

========================================================================
Received Prepare
Registering precompiled user dll's ...
Registered in 0.001154 seconds.
Begin MonoManager ReloadAssembly
Native extension for WindowsStandalone target not found
Refreshing native plugins compatible for Editor in 0.34 ms, found 1 plugins.
Preloading 0 native plugins for Editor in 0.00 ms.
Mono: successfully reloaded assembly
- Completed reload, in  0.802 seconds
Platform modules already initialized, skipping
Refreshing native plugins compatible for Editor in 0.40 ms, found 1 plugins.
Preloading 0 native plugins for Editor in 0.00 ms.
Unloading 1802 Unused Serialized files (Serialized files now loaded: 0)
System memory in use before: 87.9 MB.
System memory in use after: 88.0 MB.

Unloading 7 unused Assets to reduce memory usage. Loaded Objects now: 2407.
Total: 1.953900 ms (FindLiveObjects: 0.188800 ms CreateObjectMapping: 0.119900 ms MarkObjects: 1.627500 ms  DeleteObjects: 0.016800 ms)

========================================================================
Received Prepare
Registering precompiled user dll's ...
Registered in 0.001463 seconds.
Begin MonoManager ReloadAssembly
Native extension for WindowsStandalone target not found
Refreshing native plugins compatible for Editor in 0.33 ms, found 1 plugins.
Preloading 0 native plugins for Editor in 0.00 ms.
Mono: successfully reloaded assembly
- Completed reload, in  0.800 seconds
Platform modules already initialized, skipping
Refreshing native plugins compatible for Editor in 0.40 ms, found 1 plugins.
Preloading 0 native plugins for Editor in 0.00 ms.
Unloading 1802 Unused Serialized files (Serialized files now loaded: 0)
System memory in use before: 87.9 MB.
System memory in use after: 88.0 MB.

Unloading 7 unused Assets to reduce memory usage. Loaded Objects now: 2411.
Total: 2.195900 ms (FindLiveObjects: 0.396400 ms CreateObjectMapping: 0.139900 ms MarkObjects: 1.637200 ms  DeleteObjects: 0.021200 ms)

========================================================================
Received Prepare
Registering precompiled user dll's ...
Registered in 0.001021 seconds.
Begin MonoManager ReloadAssembly
Native extension for WindowsStandalone target not found
Refreshing native plugins compatible for Editor in 0.34 ms, found 1 plugins.
Preloading 0 native plugins for Editor in 0.00 ms.
Mono: successfully reloaded assembly
- Completed reload, in  0.812 seconds
Platform modules already initialized, skipping
Refreshing native plugins compatible for Editor in 0.41 ms, found 1 plugins.
Preloading 0 native plugins for Editor in 0.00 ms.
Unloading 1802 Unused Serialized files (Serialized files now loaded: 0)
System memory in use before: 87.9 MB.
System memory in use after: 88.1 MB.

Unloading 7 unused Assets to reduce memory usage. Loaded Objects now: 2415.
Total: 2.528000 ms (FindLiveObjects: 0.474000 ms CreateObjectMapping: 0.123100 ms MarkObjects: 1.891400 ms  DeleteObjects: 0.038400 ms)

========================================================================
Received Prepare
Registering precompiled user dll's ...
Registered in 0.001036 seconds.
Begin MonoManager ReloadAssembly
Native extension for WindowsStandalone target not found
Refreshing native plugins compatible for Editor in 0.32 ms, found 1 plugins.
Preloading 0 native plugins for Editor in 0.00 ms.
Mono: successfully reloaded assembly
- Completed reload, in  0.806 seconds
Platform modules already initialized, skipping
Refreshing native plugins compatible for Editor in 0.39 ms, found 1 plugins.
Preloading 0 native plugins for Editor in 0.00 ms.
Unloading 1802 Unused Serialized files (Serialized files now loaded: 0)
System memory in use before: 87.9 MB.
System memory in use after: 88.1 MB.

Unloading 7 unused Assets to reduce memory usage. Loaded Objects now: 2419.
Total: 2.327800 ms (FindLiveObjects: 0.431000 ms CreateObjectMapping: 0.142200 ms MarkObjects: 1.733900 ms  DeleteObjects: 0.019200 ms)

========================================================================
Received Prepare
Registering precompiled user dll's ...
Registered in 0.001044 seconds.
Begin MonoManager ReloadAssembly
Native extension for WindowsStandalone target not found
Refreshing native plugins compatible for Editor in 0.35 ms, found 1 plugins.
Preloading 0 native plugins for Editor in 0.00 ms.
Mono: successfully reloaded assembly
- Completed reload, in  0.819 seconds
Platform modules already initialized, skipping
Refreshing native plugins compatible for Editor in 0.36 ms, found 1 plugins.
Preloading 0 native plugins for Editor in 0.00 ms.
Unloading 1802 Unused Serialized files (Serialized files now loaded: 0)
System memory in use before: 88.0 MB.
System memory in use after: 88.1 MB.

Unloading 7 unused Assets to reduce memory usage. Loaded Objects now: 2423.
Total: 1.964100 ms (FindLiveObjects: 0.220600 ms CreateObjectMapping: 0.072100 ms MarkObjects: 1.655900 ms  DeleteObjects: 0.014500 ms)

========================================================================
Received Prepare
Registering precompiled user dll's ...
Registered in 0.000997 seconds.
Begin MonoManager ReloadAssembly
Native extension for WindowsStandalone target not found
Refreshing native plugins compatible for Editor in 0.34 ms, found 1 plugins.
Preloading 0 native plugins for Editor in 0.00 ms.
Mono: successfully reloaded assembly
- Completed reload, in  0.809 seconds
Platform modules already initialized, skipping
Refreshing native plugins compatible for Editor in 0.41 ms, found 1 plugins.
Preloading 0 native plugins for Editor in 0.00 ms.
Unloading 1802 Unused Serialized files (Serialized files now loaded: 0)
System memory in use before: 88.0 MB.
System memory in use after: 88.1 MB.

Unloading 7 unused Assets to reduce memory usage. Loaded Objects now: 2427.
Total: 2.018900 ms (FindLiveObjects: 0.295000 ms CreateObjectMapping: 0.100100 ms MarkObjects: 1.610900 ms  DeleteObjects: 0.012000 ms)

========================================================================
Received Prepare
Registering precompiled user dll's ...
Registered in 0.001035 seconds.
Begin MonoManager ReloadAssembly
Native extension for WindowsStandalone target not found
Refreshing native plugins compatible for Editor in 0.44 ms, found 1 plugins.
Preloading 0 native plugins for Editor in 0.00 ms.
Mono: successfully reloaded assembly
- Completed reload, in  0.806 seconds
Platform modules already initialized, skipping
Refreshing native plugins compatible for Editor in 0.36 ms, found 1 plugins.
Preloading 0 native plugins for Editor in 0.00 ms.
Unloading 1802 Unused Serialized files (Serialized files now loaded: 0)
System memory in use before: 88.0 MB.
System memory in use after: 88.1 MB.

Unloading 7 unused Assets to reduce memory usage. Loaded Objects now: 2431.
Total: 2.099100 ms (FindLiveObjects: 0.181100 ms CreateObjectMapping: 0.067300 ms MarkObjects: 1.834200 ms  DeleteObjects: 0.015500 ms)

========================================================================
Received Prepare
Registering precompiled user dll's ...
Registered in 0.001023 seconds.
Begin MonoManager ReloadAssembly
Native extension for WindowsStandalone target not found
Refreshing native plugins compatible for Editor in 0.36 ms, found 1 plugins.
Preloading 0 native plugins for Editor in 0.00 ms.
Mono: successfully reloaded assembly
- Completed reload, in  0.830 seconds
Platform modules already initialized, skipping
Refreshing native plugins compatible for Editor in 0.42 ms, found 1 plugins.
Preloading 0 native plugins for Editor in 0.00 ms.
Unloading 1802 Unused Serialized files (Serialized files now loaded: 0)
System memory in use before: 88.0 MB.
System memory in use after: 88.1 MB.

Unloading 7 unused Assets to reduce memory usage. Loaded Objects now: 2435.
Total: 2.230400 ms (FindLiveObjects: 0.386700 ms CreateObjectMapping: 0.174300 ms MarkObjects: 1.652200 ms  DeleteObjects: 0.016200 ms)

========================================================================
Received Prepare
Registering precompiled user dll's ...
Registered in 0.001067 seconds.
Begin MonoManager ReloadAssembly
Native extension for WindowsStandalone target not found
Refreshing native plugins compatible for Editor in 0.33 ms, found 1 plugins.
Preloading 0 native plugins for Editor in 0.00 ms.
Mono: successfully reloaded assembly
- Completed reload, in  0.794 seconds
Platform modules already initialized, skipping
Refreshing native plugins compatible for Editor in 0.39 ms, found 1 plugins.
Preloading 0 native plugins for Editor in 0.00 ms.
Unloading 1802 Unused Serialized files (Serialized files now loaded: 0)
System memory in use before: 88.0 MB.
System memory in use after: 88.1 MB.

Unloading 7 unused Assets to reduce memory usage. Loaded Objects now: 2439.
Total: 2.126600 ms (FindLiveObjects: 0.206200 ms CreateObjectMapping: 0.064800 ms MarkObjects: 1.829200 ms  DeleteObjects: 0.012000 ms)

========================================================================
Received Prepare
Registering precompiled user dll's ...
Registered in 0.001171 seconds.
Begin MonoManager ReloadAssembly
Native extension for WindowsStandalone target not found
Refreshing native plugins compatible for Editor in 0.33 ms, found 1 plugins.
Preloading 0 native plugins for Editor in 0.00 ms.
Mono: successfully reloaded assembly
- Completed reload, in  0.818 seconds
Platform modules already initialized, skipping
Refreshing native plugins compatible for Editor in 0.38 ms, found 1 plugins.
Preloading 0 native plugins for Editor in 0.00 ms.
Unloading 1802 Unused Serialized files (Serialized files now loaded: 0)
System memory in use before: 88.0 MB.
System memory in use after: 88.1 MB.

Unloading 7 unused Assets to reduce memory usage. Loaded Objects now: 2443.
Total: 2.321800 ms (FindLiveObjects: 0.435500 ms CreateObjectMapping: 0.118800 ms MarkObjects: 1.746700 ms  DeleteObjects: 0.019600 ms)

========================================================================
Received Prepare
Registering precompiled user dll's ...
Registered in 0.000971 seconds.
Begin MonoManager ReloadAssembly
Native extension for WindowsStandalone target not found
Refreshing native plugins compatible for Editor in 0.33 ms, found 1 plugins.
Preloading 0 native plugins for Editor in 0.00 ms.
Mono: successfully reloaded assembly
- Completed reload, in  0.778 seconds
Platform modules already initialized, skipping
Refreshing native plugins compatible for Editor in 0.40 ms, found 1 plugins.
Preloading 0 native plugins for Editor in 0.00 ms.
Unloading 1802 Unused Serialized files (Serialized files now loaded: 0)
System memory in use before: 88.0 MB.
System memory in use after: 88.1 MB.

Unloading 7 unused Assets to reduce memory usage. Loaded Objects now: 2447.
Total: 2.209500 ms (FindLiveObjects: 0.255100 ms CreateObjectMapping: 0.125200 ms MarkObjects: 1.814700 ms  DeleteObjects: 0.013000 ms)

========================================================================
Received Prepare
Registering precompiled user dll's ...
Registered in 0.001040 seconds.
Begin MonoManager ReloadAssembly
Native extension for WindowsStandalone target not found
Refreshing native plugins compatible for Editor in 0.34 ms, found 1 plugins.
Preloading 0 native plugins for Editor in 0.00 ms.
Mono: successfully reloaded assembly
- Completed reload, in  0.819 seconds
Platform modules already initialized, skipping
Refreshing native plugins compatible for Editor in 0.38 ms, found 1 plugins.
Preloading 0 native plugins for Editor in 0.00 ms.
Unloading 1802 Unused Serialized files (Serialized files now loaded: 0)
System memory in use before: 88.0 MB.
System memory in use after: 88.1 MB.

Unloading 7 unused Assets to reduce memory usage. Loaded Objects now: 2451.
Total: 2.195400 ms (FindLiveObjects: 0.185200 ms CreateObjectMapping: 0.117200 ms MarkObjects: 1.876300 ms  DeleteObjects: 0.015800 ms)

========================================================================
Received Prepare
Registering precompiled user dll's ...
Registered in 0.001019 seconds.
Begin MonoManager ReloadAssembly
Native extension for WindowsStandalone target not found
Refreshing native plugins compatible for Editor in 0.34 ms, found 1 plugins.
Preloading 0 native plugins for Editor in 0.00 ms.
Mono: successfully reloaded assembly
- Completed reload, in  0.810 seconds
Platform modules already initialized, skipping
Refreshing native plugins compatible for Editor in 0.40 ms, found 1 plugins.
Preloading 0 native plugins for Editor in 0.00 ms.
Unloading 1802 Unused Serialized files (Serialized files now loaded: 0)
System memory in use before: 88.0 MB.
System memory in use after: 88.1 MB.

Unloading 7 unused Assets to reduce memory usage. Loaded Objects now: 2455.
Total: 1.915900 ms (FindLiveObjects: 0.287700 ms CreateObjectMapping: 0.103100 ms MarkObjects: 1.475300 ms  DeleteObjects: 0.017900 ms)

========================================================================
Received Prepare
Registering precompiled user dll's ...
Registered in 0.001267 seconds.
Begin MonoManager ReloadAssembly
Native extension for WindowsStandalone target not found
Refreshing native plugins compatible for Editor in 0.34 ms, found 1 plugins.
Preloading 0 native plugins for Editor in 0.00 ms.
Mono: successfully reloaded assembly
- Completed reload, in  0.876 seconds
Platform modules already initialized, skipping
Refreshing native plugins compatible for Editor in 0.37 ms, found 1 plugins.
Preloading 0 native plugins for Editor in 0.00 ms.
Unloading 1802 Unused Serialized files (Serialized files now loaded: 0)
System memory in use before: 88.0 MB.
System memory in use after: 88.1 MB.

Unloading 7 unused Assets to reduce memory usage. Loaded Objects now: 2459.
Total: 2.247900 ms (FindLiveObjects: 0.352600 ms CreateObjectMapping: 0.093700 ms MarkObjects: 1.783100 ms  DeleteObjects: 0.017400 ms)

========================================================================
Received Prepare
Registering precompiled user dll's ...
Registered in 0.001033 seconds.
Begin MonoManager ReloadAssembly
Native extension for WindowsStandalone target not found
Refreshing native plugins compatible for Editor in 0.34 ms, found 1 plugins.
Preloading 0 native plugins for Editor in 0.00 ms.
Mono: successfully reloaded assembly
- Completed reload, in  0.831 seconds
Platform modules already initialized, skipping
Refreshing native plugins compatible for Editor in 0.38 ms, found 1 plugins.
Preloading 0 native plugins for Editor in 0.00 ms.
Unloading 1802 Unused Serialized files (Serialized files now loaded: 0)
System memory in use before: 88.0 MB.
System memory in use after: 88.2 MB.

Unloading 7 unused Assets to reduce memory usage. Loaded Objects now: 2463.
Total: 2.004300 ms (FindLiveObjects: 0.229000 ms CreateObjectMapping: 0.084400 ms MarkObjects: 1.673500 ms  DeleteObjects: 0.016400 ms)

========================================================================
Received Prepare
Registering precompiled user dll's ...
Registered in 0.001086 seconds.
Begin MonoManager ReloadAssembly
Native extension for WindowsStandalone target not found
Refreshing native plugins compatible for Editor in 0.34 ms, found 1 plugins.
Preloading 0 native plugins for Editor in 0.00 ms.
Mono: successfully reloaded assembly
- Completed reload, in  0.842 seconds
Platform modules already initialized, skipping
Refreshing native plugins compatible for Editor in 0.39 ms, found 1 plugins.
Preloading 0 native plugins for Editor in 0.00 ms.
Unloading 1802 Unused Serialized files (Serialized files now loaded: 0)
System memory in use before: 88.1 MB.
System memory in use after: 88.2 MB.

Unloading 7 unused Assets to reduce memory usage. Loaded Objects now: 2467.
Total: 2.124600 ms (FindLiveObjects: 0.381500 ms CreateObjectMapping: 0.154100 ms MarkObjects: 1.572600 ms  DeleteObjects: 0.014900 ms)

========================================================================
Received Import Request.
  Time since last request: 760.115766 seconds.
  path: Assets/Scenes/SampleScene.unity
  artifactKey: Guid(2cda990e2423bbf4892e6590ba056729) Importer(815301076,1909f56bfc062723c751e8b465ee728b)
Start importing Assets/Scenes/SampleScene.unity using Guid(2cda990e2423bbf4892e6590ba056729) Importer(815301076,1909f56bfc062723c751e8b465ee728b)  -> (artifact id: 'f0179e1828695adc4768ad98bbe16e56') in 0.021996 seconds
  Import took 0.025315 seconds .

========================================================================
Received Prepare
Registering precompiled user dll's ...
Registered in 0.001047 seconds.
Begin MonoManager ReloadAssembly
Native extension for WindowsStandalone target not found
Refreshing native plugins compatible for Editor in 0.33 ms, found 1 plugins.
Preloading 0 native plugins for Editor in 0.00 ms.
Mono: successfully reloaded assembly
- Completed reload, in  0.826 seconds
Platform modules already initialized, skipping
Refreshing native plugins compatible for Editor in 0.41 ms, found 1 plugins.
Preloading 0 native plugins for Editor in 0.00 ms.
Unloading 1802 Unused Serialized files (Serialized files now loaded: 0)
System memory in use before: 88.1 MB.
System memory in use after: 88.2 MB.

Unloading 7 unused Assets to reduce memory usage. Loaded Objects now: 2471.
Total: 2.087800 ms (FindLiveObjects: 0.176400 ms CreateObjectMapping: 0.063300 ms MarkObjects: 1.835300 ms  DeleteObjects: 0.012000 ms)

========================================================================
Received Prepare
Registering precompiled user dll's ...
Registered in 0.001031 seconds.
Begin MonoManager ReloadAssembly
Native extension for WindowsStandalone target not found
Refreshing native plugins compatible for Editor in 0.35 ms, found 1 plugins.
Preloading 0 native plugins for Editor in 0.00 ms.
Mono: successfully reloaded assembly
- Completed reload, in  0.805 seconds
Platform modules already initialized, skipping
Refreshing native plugins compatible for Editor in 0.37 ms, found 1 plugins.
Preloading 0 native plugins for Editor in 0.00 ms.
Unloading 1802 Unused Serialized files (Serialized files now loaded: 0)
System memory in use before: 88.1 MB.
System memory in use after: 88.2 MB.

Unloading 7 unused Assets to reduce memory usage. Loaded Objects now: 2475.
Total: 2.048300 ms (FindLiveObjects: 0.293300 ms CreateObjectMapping: 0.128000 ms MarkObjects: 1.610900 ms  DeleteObjects: 0.015200 ms)

========================================================================
Received Prepare
Registering precompiled user dll's ...
Registered in 0.001675 seconds.
Begin MonoManager ReloadAssembly
Native extension for WindowsStandalone target not found
Refreshing native plugins compatible for Editor in 0.34 ms, found 1 plugins.
Preloading 0 native plugins for Editor in 0.00 ms.
Mono: successfully reloaded assembly
- Completed reload, in  0.803 seconds
Platform modules already initialized, skipping
Refreshing native plugins compatible for Editor in 0.39 ms, found 1 plugins.
Preloading 0 native plugins for Editor in 0.00 ms.
Unloading 1802 Unused Serialized files (Serialized files now loaded: 0)
System memory in use before: 88.1 MB.
System memory in use after: 88.2 MB.

Unloading 7 unused Assets to reduce memory usage. Loaded Objects now: 2479.
Total: 2.208300 ms (FindLiveObjects: 0.385000 ms CreateObjectMapping: 0.106000 ms MarkObjects: 1.698900 ms  DeleteObjects: 0.017200 ms)

========================================================================
Received Import Request.
  Time since last request: 91.396240 seconds.
  path: Assets/Maps/cavesofgallet/cavesofgallet.png
  artifactKey: Guid(bd3ae7b35f95248478141173c64902e5) Importer(815301076,1909f56bfc062723c751e8b465ee728b)
Start importing Assets/Maps/cavesofgallet/cavesofgallet.png using Guid(bd3ae7b35f95248478141173c64902e5) Importer(815301076,1909f56bfc062723c751e8b465ee728b)  -> (artifact id: 'dfe254dd607d4e3e02fc40a6dd715636') in 0.066851 seconds
  Import took 0.069872 seconds .

========================================================================
Received Import Request.
  Time since last request: 0.000310 seconds.
  path: Assets/Maps/cavesofgallet/cavesofgallet_tiles.png
  artifactKey: Guid(1f835f3046b9b174189b129c2334a02d) Importer(815301076,1909f56bfc062723c751e8b465ee728b)
Start importing Assets/Maps/cavesofgallet/cavesofgallet_tiles.png using Guid(1f835f3046b9b174189b129c2334a02d) Importer(815301076,1909f56bfc062723c751e8b465ee728b)  -> (artifact id: 'f2c30d3b00fbe840f92bc78e0e086ed7') in 0.028334 seconds
  Import took 0.031146 seconds .

========================================================================
Received Import Request.
  Time since last request: 0.002117 seconds.
  path: Assets/Maps/cavesofgallet/cavesofgallet_tiles.png
  artifactKey: Guid(1f835f3046b9b174189b129c2334a02d) Importer(815301076,1909f56bfc062723c751e8b465ee728b)
Start importing Assets/Maps/cavesofgallet/cavesofgallet_tiles.png using Guid(1f835f3046b9b174189b129c2334a02d) Importer(815301076,1909f56bfc062723c751e8b465ee728b)  -> (artifact id: 'f2c30d3b00fbe840f92bc78e0e086ed7') in 0.014494 seconds
  Import took 0.018131 seconds .

========================================================================
Received Import Request.
  Time since last request: 1.643828 seconds.
  path: Assets/Maps/stringstar fields/CameraMoving.cs
  artifactKey: Guid(6b6b6eaabaf95ee4aa19bb615703efdf) Importer(815301076,1909f56bfc062723c751e8b465ee728b)
Start importing Assets/Maps/stringstar fields/CameraMoving.cs using Guid(6b6b6eaabaf95ee4aa19bb615703efdf) Importer(815301076,1909f56bfc062723c751e8b465ee728b)  -> (artifact id: '6393144d0f38e6f3cc1a1272466575f6') in 0.007932 seconds
  Import took 0.011631 seconds .

========================================================================
Received Import Request.
  Time since last request: 0.006334 seconds.
  path: Assets/Maps/stringstar fields/CameraMoving.cs
  artifactKey: Guid(6b6b6eaabaf95ee4aa19bb615703efdf) Importer(815301076,1909f56bfc062723c751e8b465ee728b)
Start importing Assets/Maps/stringstar fields/CameraMoving.cs using Guid(6b6b6eaabaf95ee4aa19bb615703efdf) Importer(815301076,1909f56bfc062723c751e8b465ee728b)  -> (artifact id: '6393144d0f38e6f3cc1a1272466575f6') in 0.003268 seconds
  Import took 0.007158 seconds .

========================================================================
Received Prepare
Registering precompiled user dll's ...
Registered in 0.001412 seconds.
Begin MonoManager ReloadAssembly
Native extension for WindowsStandalone target not found
Refreshing native plugins compatible for Editor in 0.35 ms, found 1 plugins.
Preloading 0 native plugins for Editor in 0.00 ms.
Mono: successfully reloaded assembly
- Completed reload, in  0.829 seconds
Platform modules already initialized, skipping
Refreshing native plugins compatible for Editor in 0.39 ms, found 1 plugins.
Preloading 0 native plugins for Editor in 0.00 ms.
Unloading 1802 Unused Serialized files (Serialized files now loaded: 0)
System memory in use before: 88.1 MB.
System memory in use after: 88.2 MB.

Unloading 7 unused Assets to reduce memory usage. Loaded Objects now: 2488.
Total: 2.204900 ms (FindLiveObjects: 0.528000 ms CreateObjectMapping: 0.122300 ms MarkObjects: 1.537800 ms  DeleteObjects: 0.015700 ms)

========================================================================
Received Import Request.
  Time since last request: 26.113523 seconds.
  path: Assets/Scripts/CameraMove.cs
  artifactKey: Guid(6b6b6eaabaf95ee4aa19bb615703efdf) Importer(815301076,1909f56bfc062723c751e8b465ee728b)
Start importing Assets/Scripts/CameraMove.cs using Guid(6b6b6eaabaf95ee4aa19bb615703efdf) Importer(815301076,1909f56bfc062723c751e8b465ee728b)  -> (artifact id: '9f6abdfdb98d1eead82ce63142d2fec7') in 0.014381 seconds
  Import took 0.017691 seconds .

========================================================================
Received Import Request.
  Time since last request: 0.002831 seconds.
  path: Assets/Scripts/CameraMove.cs
  artifactKey: Guid(6b6b6eaabaf95ee4aa19bb615703efdf) Importer(815301076,1909f56bfc062723c751e8b465ee728b)
Start importing Assets/Scripts/CameraMove.cs using Guid(6b6b6eaabaf95ee4aa19bb615703efdf) Importer(815301076,1909f56bfc062723c751e8b465ee728b)  -> (artifact id: '9f6abdfdb98d1eead82ce63142d2fec7') in 0.002600 seconds
  Import took 0.005820 seconds .

========================================================================
Received Prepare
Registering precompiled user dll's ...
Registered in 0.000962 seconds.
Begin MonoManager ReloadAssembly
Native extension for WindowsStandalone target not found
Refreshing native plugins compatible for Editor in 0.35 ms, found 1 plugins.
Preloading 0 native plugins for Editor in 0.00 ms.
Mono: successfully reloaded assembly
- Completed reload, in  0.844 seconds
Platform modules already initialized, skipping
Refreshing native plugins compatible for Editor in 0.38 ms, found 1 plugins.
Preloading 0 native plugins for Editor in 0.00 ms.
Unloading 1802 Unused Serialized files (Serialized files now loaded: 0)
System memory in use before: 88.1 MB.
System memory in use after: 88.2 MB.

Unloading 7 unused Assets to reduce memory usage. Loaded Objects now: 2492.
Total: 2.174600 ms (FindLiveObjects: 0.259700 ms CreateObjectMapping: 0.079500 ms MarkObjects: 1.815300 ms  DeleteObjects: 0.018600 ms)

========================================================================
Received Prepare
Registering precompiled user dll's ...
Registered in 0.001088 seconds.
Begin MonoManager ReloadAssembly
Native extension for WindowsStandalone target not found
Refreshing native plugins compatible for Editor in 0.35 ms, found 1 plugins.
Preloading 0 native plugins for Editor in 0.00 ms.
Mono: successfully reloaded assembly
- Completed reload, in  0.823 seconds
Platform modules already initialized, skipping
Refreshing native plugins compatible for Editor in 0.40 ms, found 1 plugins.
Preloading 0 native plugins for Editor in 0.00 ms.
Unloading 1802 Unused Serialized files (Serialized files now loaded: 0)
System memory in use before: 88.1 MB.
System memory in use after: 88.2 MB.

Unloading 7 unused Assets to reduce memory usage. Loaded Objects now: 2496.
Total: 2.187800 ms (FindLiveObjects: 0.420000 ms CreateObjectMapping: 0.139300 ms MarkObjects: 1.609400 ms  DeleteObjects: 0.018100 ms)

========================================================================
Received Import Request.
  Time since last request: 32.734485 seconds.
  path: Assets/Scripts/CameraMove.cs
  artifactKey: Guid(6b6b6eaabaf95ee4aa19bb615703efdf) Importer(815301076,1909f56bfc062723c751e8b465ee728b)
Start importing Assets/Scripts/CameraMove.cs using Guid(6b6b6eaabaf95ee4aa19bb615703efdf) Importer(815301076,1909f56bfc062723c751e8b465ee728b)  -> (artifact id: 'a8b719b112919e701e90b7f102d5aa17') in 0.004751 seconds
  Import took 0.008207 seconds .

========================================================================
Received Prepare
Registering precompiled user dll's ...
Registered in 0.001196 seconds.
Begin MonoManager ReloadAssembly
Native extension for WindowsStandalone target not found
Refreshing native plugins compatible for Editor in 0.32 ms, found 1 plugins.
Preloading 0 native plugins for Editor in 0.00 ms.
Mono: successfully reloaded assembly
- Completed reload, in  0.815 seconds
Platform modules already initialized, skipping
Refreshing native plugins compatible for Editor in 0.39 ms, found 1 plugins.
Preloading 0 native plugins for Editor in 0.00 ms.
Unloading 1802 Unused Serialized files (Serialized files now loaded: 0)
System memory in use before: 88.1 MB.
System memory in use after: 88.2 MB.

Unloading 7 unused Assets to reduce memory usage. Loaded Objects now: 2500.
Total: 2.036200 ms (FindLiveObjects: 0.200300 ms CreateObjectMapping: 0.069500 ms MarkObjects: 1.751800 ms  DeleteObjects: 0.013100 ms)

========================================================================
Received Import Request.
  Time since last request: 62.919244 seconds.
  path: Assets/Scripts/CameraMove.cs
  artifactKey: Guid(6b6b6eaabaf95ee4aa19bb615703efdf) Importer(815301076,1909f56bfc062723c751e8b465ee728b)
Start importing Assets/Scripts/CameraMove.cs using Guid(6b6b6eaabaf95ee4aa19bb615703efdf) Importer(815301076,1909f56bfc062723c751e8b465ee728b)  -> (artifact id: 'b376e03dc5df16b551859888862d6c0c') in 0.004716 seconds
  Import took 0.007679 seconds .

========================================================================
Received Prepare
Registering precompiled user dll's ...
Registered in 0.001194 seconds.
Begin MonoManager ReloadAssembly
Native extension for WindowsStandalone target not found
Refreshing native plugins compatible for Editor in 0.33 ms, found 1 plugins.
Preloading 0 native plugins for Editor in 0.00 ms.
Mono: successfully reloaded assembly
- Completed reload, in  0.797 seconds
Platform modules already initialized, skipping
Refreshing native plugins compatible for Editor in 0.40 ms, found 1 plugins.
Preloading 0 native plugins for Editor in 0.00 ms.
Unloading 1802 Unused Serialized files (Serialized files now loaded: 0)
System memory in use before: 88.1 MB.
System memory in use after: 88.3 MB.

Unloading 7 unused Assets to reduce memory usage. Loaded Objects now: 2504.
Total: 1.964700 ms (FindLiveObjects: 0.328800 ms CreateObjectMapping: 0.081000 ms MarkObjects: 1.538900 ms  DeleteObjects: 0.014900 ms)

========================================================================
Received Import Request.
  Time since last request: 43.642851 seconds.
  path: Assets/Scripts/CameraMove.cs
  artifactKey: Guid(6b6b6eaabaf95ee4aa19bb615703efdf) Importer(815301076,1909f56bfc062723c751e8b465ee728b)
Start importing Assets/Scripts/CameraMove.cs using Guid(6b6b6eaabaf95ee4aa19bb615703efdf) Importer(815301076,1909f56bfc062723c751e8b465ee728b)  -> (artifact id: '1bb9416710723d49965a39529a6157b0') in 0.005248 seconds
  Import took 0.008016 seconds .

========================================================================
Received Prepare
Registering precompiled user dll's ...
Registered in 0.000970 seconds.
Begin MonoManager ReloadAssembly
Native extension for WindowsStandalone target not found
Refreshing native plugins compatible for Editor in 0.35 ms, found 1 plugins.
Preloading 0 native plugins for Editor in 0.00 ms.
Mono: successfully reloaded assembly
- Completed reload, in  0.798 seconds
Platform modules already initialized, skipping
Refreshing native plugins compatible for Editor in 0.38 ms, found 1 plugins.
Preloading 0 native plugins for Editor in 0.00 ms.
Unloading 1802 Unused Serialized files (Serialized files now loaded: 0)
System memory in use before: 88.1 MB.
System memory in use after: 88.3 MB.

Unloading 7 unused Assets to reduce memory usage. Loaded Objects now: 2508.
Total: 2.152600 ms (FindLiveObjects: 0.200600 ms CreateObjectMapping: 0.082400 ms MarkObjects: 1.850800 ms  DeleteObjects: 0.017600 ms)

========================================================================
Received Import Request.
  Time since last request: 68.164684 seconds.
  path: Assets/Scenes/SampleScene.unity
  artifactKey: Guid(2cda990e2423bbf4892e6590ba056729) Importer(815301076,1909f56bfc062723c751e8b465ee728b)
Start importing Assets/Scenes/SampleScene.unity using Guid(2cda990e2423bbf4892e6590ba056729) Importer(815301076,1909f56bfc062723c751e8b465ee728b)  -> (artifact id: '5d9ac13a954c3d4e609ac25585691690') in 0.011131 seconds
  Import took 0.014316 seconds .

========================================================================
Received Import Request.
  Time since last request: 0.000769 seconds.
  path: Assets/Scenes/SampleScene.unity
  artifactKey: Guid(2cda990e2423bbf4892e6590ba056729) Importer(815301076,1909f56bfc062723c751e8b465ee728b)
Start importing Assets/Scenes/SampleScene.unity using Guid(2cda990e2423bbf4892e6590ba056729) Importer(815301076,1909f56bfc062723c751e8b465ee728b)  -> (artifact id: '5d9ac13a954c3d4e609ac25585691690') in 0.002733 seconds
  Import took 0.005791 seconds .

========================================================================
Received Prepare
Registering precompiled user dll's ...
Registered in 0.000951 seconds.
Begin MonoManager ReloadAssembly
Native extension for WindowsStandalone target not found
Refreshing native plugins compatible for Editor in 0.33 ms, found 1 plugins.
Preloading 0 native plugins for Editor in 0.00 ms.
Mono: successfully reloaded assembly
- Completed reload, in  0.806 seconds
Platform modules already initialized, skipping
Refreshing native plugins compatible for Editor in 0.39 ms, found 1 plugins.
Preloading 0 native plugins for Editor in 0.00 ms.
Unloading 1802 Unused Serialized files (Serialized files now loaded: 0)
System memory in use before: 88.2 MB.
System memory in use after: 88.3 MB.

Unloading 7 unused Assets to reduce memory usage. Loaded Objects now: 2512.
Total: 2.372200 ms (FindLiveObjects: 0.396200 ms CreateObjectMapping: 0.109700 ms MarkObjects: 1.844900 ms  DeleteObjects: 0.020200 ms)

========================================================================
Received Prepare
Registering precompiled user dll's ...
Registered in 0.001089 seconds.
Begin MonoManager ReloadAssembly
Native extension for WindowsStandalone target not found
Refreshing native plugins compatible for Editor in 0.35 ms, found 1 plugins.
Preloading 0 native plugins for Editor in 0.00 ms.
Mono: successfully reloaded assembly
- Completed reload, in  0.818 seconds
Platform modules already initialized, skipping
Refreshing native plugins compatible for Editor in 0.40 ms, found 1 plugins.
Preloading 0 native plugins for Editor in 0.00 ms.
Unloading 1802 Unused Serialized files (Serialized files now loaded: 0)
System memory in use before: 88.2 MB.
System memory in use after: 88.3 MB.

Unloading 7 unused Assets to reduce memory usage. Loaded Objects now: 2516.
Total: 2.046200 ms (FindLiveObjects: 0.347600 ms CreateObjectMapping: 0.085400 ms MarkObjects: 1.593900 ms  DeleteObjects: 0.017900 ms)

========================================================================
Received Import Request.
  Time since last request: 212.453867 seconds.
  path: Assets/Scripts/CameraMove.cs
  artifactKey: Guid(6b6b6eaabaf95ee4aa19bb615703efdf) Importer(815301076,1909f56bfc062723c751e8b465ee728b)
Start importing Assets/Scripts/CameraMove.cs using Guid(6b6b6eaabaf95ee4aa19bb615703efdf) Importer(815301076,1909f56bfc062723c751e8b465ee728b)  -> (artifact id: '3265de7138e77f4183db7a73d137b916') in 0.004960 seconds
  Import took 0.007795 seconds .

========================================================================
Received Import Request.
  Time since last request: 0.010549 seconds.
  path: Assets/Scripts/CameraMove.cs
  artifactKey: Guid(6b6b6eaabaf95ee4aa19bb615703efdf) Importer(815301076,1909f56bfc062723c751e8b465ee728b)
Start importing Assets/Scripts/CameraMove.cs using Guid(6b6b6eaabaf95ee4aa19bb615703efdf) Importer(815301076,1909f56bfc062723c751e8b465ee728b)  -> (artifact id: '3265de7138e77f4183db7a73d137b916') in 0.003430 seconds
  Import took 0.007115 seconds .

========================================================================
Received Prepare
Registering precompiled user dll's ...
Registered in 0.001107 seconds.
Begin MonoManager ReloadAssembly
Native extension for WindowsStandalone target not found
Refreshing native plugins compatible for Editor in 0.33 ms, found 1 plugins.
Preloading 0 native plugins for Editor in 0.00 ms.
Mono: successfully reloaded assembly
- Completed reload, in  0.814 seconds
Platform modules already initialized, skipping
Refreshing native plugins compatible for Editor in 0.37 ms, found 1 plugins.
Preloading 0 native plugins for Editor in 0.00 ms.
Unloading 1802 Unused Serialized files (Serialized files now loaded: 0)
System memory in use before: 88.2 MB.
System memory in use after: 88.3 MB.

Unloading 7 unused Assets to reduce memory usage. Loaded Objects now: 2520.
Total: 2.384800 ms (FindLiveObjects: 0.406200 ms CreateObjectMapping: 0.129100 ms MarkObjects: 1.826400 ms  DeleteObjects: 0.021600 ms)

========================================================================
Received Prepare
Registering precompiled user dll's ...
Registered in 0.001072 seconds.
Begin MonoManager ReloadAssembly
Native extension for WindowsStandalone target not found
Refreshing native plugins compatible for Editor in 0.34 ms, found 1 plugins.
Preloading 0 native plugins for Editor in 0.00 ms.
Mono: successfully reloaded assembly
- Completed reload, in  0.791 seconds
Platform modules already initialized, skipping
Refreshing native plugins compatible for Editor in 0.39 ms, found 1 plugins.
Preloading 0 native plugins for Editor in 0.00 ms.
Unloading 1802 Unused Serialized files (Serialized files now loaded: 0)
System memory in use before: 88.2 MB.
System memory in use after: 88.3 MB.

Unloading 7 unused Assets to reduce memory usage. Loaded Objects now: 2524.
Total: 2.215200 ms (FindLiveObjects: 0.359400 ms CreateObjectMapping: 0.116800 ms MarkObjects: 1.717700 ms  DeleteObjects: 0.019800 ms)

========================================================================
Received Import Request.
  Time since last request: 32.942298 seconds.
  path: Assets/Scripts/CameraMove.cs
  artifactKey: Guid(6b6b6eaabaf95ee4aa19bb615703efdf) Importer(815301076,1909f56bfc062723c751e8b465ee728b)
Start importing Assets/Scripts/CameraMove.cs using Guid(6b6b6eaabaf95ee4aa19bb615703efdf) Importer(815301076,1909f56bfc062723c751e8b465ee728b)  -> (artifact id: 'b514e70bed4a46d56816694bb659ff12') in 0.005533 seconds
  Import took 0.008425 seconds .

========================================================================
Received Import Request.
  Time since last request: 0.009872 seconds.
  path: Assets/Scripts/CameraMove.cs
  artifactKey: Guid(6b6b6eaabaf95ee4aa19bb615703efdf) Importer(815301076,1909f56bfc062723c751e8b465ee728b)
Start importing Assets/Scripts/CameraMove.cs using Guid(6b6b6eaabaf95ee4aa19bb615703efdf) Importer(815301076,1909f56bfc062723c751e8b465ee728b)  -> (artifact id: 'b514e70bed4a46d56816694bb659ff12') in 0.003283 seconds
  Import took 0.006440 seconds .

========================================================================
Received Prepare
Registering precompiled user dll's ...
Registered in 0.001027 seconds.
Begin MonoManager ReloadAssembly
Native extension for WindowsStandalone target not found
Refreshing native plugins compatible for Editor in 0.34 ms, found 1 plugins.
Preloading 0 native plugins for Editor in 0.00 ms.
Mono: successfully reloaded assembly
- Completed reload, in  0.812 seconds
Platform modules already initialized, skipping
Refreshing native plugins compatible for Editor in 0.40 ms, found 1 plugins.
Preloading 0 native plugins for Editor in 0.00 ms.
Unloading 1802 Unused Serialized files (Serialized files now loaded: 0)
System memory in use before: 88.2 MB.
System memory in use after: 88.3 MB.

Unloading 7 unused Assets to reduce memory usage. Loaded Objects now: 2528.
Total: 2.593400 ms (FindLiveObjects: 0.692500 ms CreateObjectMapping: 0.152100 ms MarkObjects: 1.727200 ms  DeleteObjects: 0.020100 ms)

========================================================================
Received Prepare
Registering precompiled user dll's ...
Registered in 0.001089 seconds.
Begin MonoManager ReloadAssembly
Native extension for WindowsStandalone target not found
Refreshing native plugins compatible for Editor in 0.34 ms, found 1 plugins.
Preloading 0 native plugins for Editor in 0.00 ms.
Mono: successfully reloaded assembly
- Completed reload, in  0.823 seconds
Platform modules already initialized, skipping
Refreshing native plugins compatible for Editor in 0.37 ms, found 1 plugins.
Preloading 0 native plugins for Editor in 0.00 ms.
Unloading 1802 Unused Serialized files (Serialized files now loaded: 0)
System memory in use before: 88.2 MB.
System memory in use after: 88.3 MB.

Unloading 7 unused Assets to reduce memory usage. Loaded Objects now: 2532.
Total: 2.154600 ms (FindLiveObjects: 0.219400 ms CreateObjectMapping: 0.059200 ms MarkObjects: 1.859800 ms  DeleteObjects: 0.015300 ms)

========================================================================
Received Prepare
Registering precompiled user dll's ...
Registered in 0.000963 seconds.
Begin MonoManager ReloadAssembly
Native extension for WindowsStandalone target not found
Refreshing native plugins compatible for Editor in 0.33 ms, found 1 plugins.
Preloading 0 native plugins for Editor in 0.00 ms.
Mono: successfully reloaded assembly
- Completed reload, in  0.778 seconds
Platform modules already initialized, skipping
Refreshing native plugins compatible for Editor in 0.37 ms, found 1 plugins.
Preloading 0 native plugins for Editor in 0.00 ms.
Unloading 1802 Unused Serialized files (Serialized files now loaded: 0)
System memory in use before: 88.2 MB.
System memory in use after: 88.3 MB.

Unloading 7 unused Assets to reduce memory usage. Loaded Objects now: 2536.
Total: 2.171800 ms (FindLiveObjects: 0.267200 ms CreateObjectMapping: 0.141200 ms MarkObjects: 1.748900 ms  DeleteObjects: 0.013600 ms)

========================================================================
Received Prepare
Registering precompiled user dll's ...
Registered in 0.001030 seconds.
Begin MonoManager ReloadAssembly
Native extension for WindowsStandalone target not found
Refreshing native plugins compatible for Editor in 0.35 ms, found 1 plugins.
Preloading 0 native plugins for Editor in 0.00 ms.
Mono: successfully reloaded assembly
- Completed reload, in  0.820 seconds
Platform modules already initialized, skipping
Refreshing native plugins compatible for Editor in 0.38 ms, found 1 plugins.
Preloading 0 native plugins for Editor in 0.00 ms.
Unloading 1802 Unused Serialized files (Serialized files now loaded: 0)
System memory in use before: 88.2 MB.
System memory in use after: 88.4 MB.

Unloading 7 unused Assets to reduce memory usage. Loaded Objects now: 2540.
Total: 2.148400 ms (FindLiveObjects: 0.243700 ms CreateObjectMapping: 0.068900 ms MarkObjects: 1.819400 ms  DeleteObjects: 0.015300 ms)

========================================================================
Received Prepare
Registering precompiled user dll's ...
Registered in 0.001129 seconds.
Begin MonoManager ReloadAssembly
Native extension for WindowsStandalone target not found
Refreshing native plugins compatible for Editor in 0.33 ms, found 1 plugins.
Preloading 0 native plugins for Editor in 0.00 ms.
Mono: successfully reloaded assembly
- Completed reload, in  0.790 seconds
Platform modules already initialized, skipping
Refreshing native plugins compatible for Editor in 0.40 ms, found 1 plugins.
Preloading 0 native plugins for Editor in 0.00 ms.
Unloading 1802 Unused Serialized files (Serialized files now loaded: 0)
System memory in use before: 88.2 MB.
System memory in use after: 88.4 MB.

Unloading 7 unused Assets to reduce memory usage. Loaded Objects now: 2544.
Total: 2.338900 ms (FindLiveObjects: 0.428100 ms CreateObjectMapping: 0.127600 ms MarkObjects: 1.766900 ms  DeleteObjects: 0.014900 ms)

AssetImportWorkerClient::OnTransportError - code=2 error=End of file
